<?xml version="1.0" encoding="utf-8" standalone="yes"?>
<CoverageSession xmlns:xsd="http://www.w3.org/2001/XMLSchema" xmlns:xsi="http://www.w3.org/2001/XMLSchema-instance">
  <Summary numSequencePoints="491" visitedSequencePoints="400" numBranchPoints="133" visitedBranchPoints="44" sequenceCoverage="81.47" branchCoverage="33.08" maxCyclomaticComplexity="12" minCyclomaticComplexity="1" visitedClasses="30" numClasses="37" visitedMethods="60" numMethods="77" minCrapScore="1" maxCrapScore="156" />
  <Modules>
    <Module hash="89-1C-B5-58-35-3D-33-66-2C-83-B3-DA-B7-C2-9C-71-A5-25-90-13">
      <Summary numSequencePoints="283" visitedSequencePoints="223" numBranchPoints="101" visitedBranchPoints="41" sequenceCoverage="78.8" branchCoverage="40.59" maxCyclomaticComplexity="12" minCyclomaticComplexity="1" visitedClasses="19" numClasses="23" visitedMethods="36" numMethods="47" minCrapScore="1" maxCrapScore="156" />
      <ModulePath>C:\work\git\serilog-sinks-graylog\src\Serilog.Sinks.Graylog.Tests\bin\Debug\netcoreapp2.0\__Saved\Serilog.Sinks.Graylog.Core.dll</ModulePath>
      <ModuleTime>2018-12-21T09:57:53.2450009Z</ModuleTime>
      <ModuleName>Serilog.Sinks.Graylog.Core</ModuleName>
      <Files>
        <File uid="1" fullPath="C:\work\git\serilog-sinks-graylog\src\Serilog.Sinks.Graylog.Core\GelfConverter.cs" />
        <File uid="2" fullPath="C:\work\git\serilog-sinks-graylog\src\Serilog.Sinks.Graylog.Core\GraylogSinkOptions.cs" />
        <File uid="3" fullPath="C:\work\git\serilog-sinks-graylog\src\Serilog.Sinks.Graylog.Core\TransportFactory.cs" />
        <File uid="4" fullPath="C:\work\git\serilog-sinks-graylog\src\Serilog.Sinks.Graylog.Core\Transport\DnsResolver.cs" />
        <File uid="5" fullPath="C:\work\git\serilog-sinks-graylog\src\Serilog.Sinks.Graylog.Core\Transport\Udp\ChunkSettings.cs" />
        <File uid="6" fullPath="C:\work\git\serilog-sinks-graylog\src\Serilog.Sinks.Graylog.Core\Transport\Udp\DataToChunkConverter.cs" />
        <File uid="7" fullPath="C:\work\git\serilog-sinks-graylog\src\Serilog.Sinks.Graylog.Core\Transport\Udp\UdpTransport.cs" />
        <File uid="8" fullPath="C:\work\git\serilog-sinks-graylog\src\Serilog.Sinks.Graylog.Core\Transport\Udp\UdpTransportClient.cs" />
        <File uid="9" fullPath="C:\work\git\serilog-sinks-graylog\src\Serilog.Sinks.Graylog.Core\Transport\Http\HttpTransport.cs" />
        <File uid="10" fullPath="C:\work\git\serilog-sinks-graylog\src\Serilog.Sinks.Graylog.Core\Transport\Http\HttpTransportClient.cs" />
        <File uid="11" fullPath="C:\work\git\serilog-sinks-graylog\src\Serilog.Sinks.Graylog.Core\MessageBuilders\ExceptionMessageBuilder.cs" />
        <File uid="12" fullPath="C:\work\git\serilog-sinks-graylog\src\Serilog.Sinks.Graylog.Core\MessageBuilders\GelfMessageBuilder.cs" />
        <File uid="13" fullPath="C:\work\git\serilog-sinks-graylog\src\Serilog.Sinks.Graylog.Core\Helpers\LogLevelMapper.cs" />
        <File uid="14" fullPath="C:\work\git\serilog-sinks-graylog\src\Serilog.Sinks.Graylog.Core\Helpers\MessageIdGenerator.cs" />
        <File uid="15" fullPath="C:\work\git\serilog-sinks-graylog\src\Serilog.Sinks.Graylog.Core\Extensions\DateTimeExtensions.cs" />
        <File uid="16" fullPath="C:\work\git\serilog-sinks-graylog\src\Serilog.Sinks.Graylog.Core\Extensions\StringExtensions.cs" />
        <File uid="17" fullPath="C:\work\git\serilog-sinks-graylog\src\Serilog.Sinks.Graylog.Core\Extensions\TypeExtensions.cs" />
      </Files>
      <Classes>
        <Class>
          <Summary numSequencePoints="0" visitedSequencePoints="0" numBranchPoints="0" visitedBranchPoints="0" sequenceCoverage="0" branchCoverage="0" maxCyclomaticComplexity="0" minCyclomaticComplexity="0" visitedClasses="0" numClasses="0" visitedMethods="0" numMethods="0" minCrapScore="0" maxCrapScore="0" />
          <FullName>&lt;Module&gt;</FullName>
          <Methods />
        </Class>
        <Class>
          <Summary numSequencePoints="0" visitedSequencePoints="0" numBranchPoints="0" visitedBranchPoints="0" sequenceCoverage="0" branchCoverage="0" maxCyclomaticComplexity="0" minCyclomaticComplexity="0" visitedClasses="0" numClasses="0" visitedMethods="0" numMethods="0" minCrapScore="0" maxCrapScore="0" />
          <FullName>Serilog.Sinks.Graylog.Core.IGelfConverter</FullName>
          <Methods />
        </Class>
        <Class>
          <Summary numSequencePoints="8" visitedSequencePoints="8" numBranchPoints="2" visitedBranchPoints="0" sequenceCoverage="100" branchCoverage="0" maxCyclomaticComplexity="2" minCyclomaticComplexity="1" visitedClasses="1" numClasses="1" visitedMethods="2" numMethods="2" minCrapScore="1" maxCrapScore="2" />
          <FullName>Serilog.Sinks.Graylog.Core.GelfConverter</FullName>
          <Methods>
            <Method visited="true" cyclomaticComplexity="1" nPathComplexity="0" sequenceCoverage="100" branchCoverage="0" isConstructor="true" isStatic="false" isGetter="false" isSetter="false" crapScore="1">
              <Summary numSequencePoints="4" visitedSequencePoints="4" numBranchPoints="1" visitedBranchPoints="0" sequenceCoverage="100" branchCoverage="0" maxCyclomaticComplexity="1" minCyclomaticComplexity="1" visitedClasses="0" numClasses="0" visitedMethods="1" numMethods="1" minCrapScore="1" maxCrapScore="1" />
              <MetadataToken>100663298</MetadataToken>
              <Name>System.Void Serilog.Sinks.Graylog.Core.GelfConverter::.ctor(System.Collections.Generic.IDictionary`2&lt;Serilog.Sinks.Graylog.Core.MessageBuilders.BuilderType,System.Lazy`1&lt;Serilog.Sinks.Graylog.Core.MessageBuilders.IMessageBuilder&gt;&gt;)</Name>
              <FileRef uid="1" />
              <SequencePoints>
                <SequencePoint vc="10" uspid="3" ordinal="0" offset="0" sl="18" sc="9" el="18" ec="94" bec="0" bev="0" fileid="1" />
                <SequencePoint vc="10" uspid="2" ordinal="1" offset="7" sl="19" sc="9" el="19" ec="10" bec="0" bev="0" fileid="1" />
                <SequencePoint vc="10" uspid="1" ordinal="2" offset="8" sl="20" sc="13" el="20" ec="48" bec="0" bev="0" fileid="1" />
                <SequencePoint vc="10" uspid="0" ordinal="3" offset="15" sl="21" sc="9" el="21" ec="10" bec="0" bev="0" fileid="1" />
              </SequencePoints>
              <BranchPoints />
              <MethodPoint xsi:type="SequencePoint" vc="10" uspid="3" ordinal="0" offset="0" sl="18" sc="9" el="18" ec="94" bec="0" bev="0" fileid="1" />
            </Method>
            <Method visited="true" cyclomaticComplexity="2" nPathComplexity="0" sequenceCoverage="100" branchCoverage="0" isConstructor="false" isStatic="false" isGetter="false" isSetter="false" crapScore="2">
              <Summary numSequencePoints="4" visitedSequencePoints="4" numBranchPoints="1" visitedBranchPoints="0" sequenceCoverage="100" branchCoverage="0" maxCyclomaticComplexity="2" minCyclomaticComplexity="2" visitedClasses="0" numClasses="0" visitedMethods="1" numMethods="1" minCrapScore="2" maxCrapScore="2" />
              <MetadataToken>100663299</MetadataToken>
              <Name>Newtonsoft.Json.Linq.JObject Serilog.Sinks.Graylog.Core.GelfConverter::GetGelfJson(Serilog.Events.LogEvent)</Name>
              <FileRef uid="1" />
              <SequencePoints>
                <SequencePoint vc="19" uspid="7" ordinal="0" offset="0" sl="24" sc="9" el="24" ec="10" bec="0" bev="0" fileid="1" />
                <SequencePoint vc="19" uspid="6" ordinal="1" offset="1" sl="25" sc="13" el="27" ec="63" bec="0" bev="0" fileid="1" />
                <SequencePoint vc="19" uspid="5" ordinal="2" offset="46" sl="29" sc="13" el="29" ec="44" bec="0" bev="0" fileid="1" />
                <SequencePoint vc="19" uspid="4" ordinal="3" offset="56" sl="30" sc="9" el="30" ec="10" bec="0" bev="0" fileid="1" />
              </SequencePoints>
              <BranchPoints />
              <MethodPoint xsi:type="SequencePoint" vc="19" uspid="7" ordinal="0" offset="0" sl="24" sc="9" el="24" ec="10" bec="0" bev="0" fileid="1" />
            </Method>
          </Methods>
        </Class>
        <Class>
          <Summary numSequencePoints="0" visitedSequencePoints="0" numBranchPoints="0" visitedBranchPoints="0" sequenceCoverage="0" branchCoverage="0" maxCyclomaticComplexity="0" minCyclomaticComplexity="0" visitedClasses="0" numClasses="0" visitedMethods="0" numMethods="0" minCrapScore="0" maxCrapScore="0" />
          <FullName>Serilog.Sinks.Graylog.Core.GelfMessage</FullName>
          <Methods>
            <Method visited="false" cyclomaticComplexity="1" nPathComplexity="0" sequenceCoverage="0" branchCoverage="0" isConstructor="true" isStatic="false" isGetter="false" isSetter="false" crapScore="0">
              <Summary numSequencePoints="0" visitedSequencePoints="0" numBranchPoints="0" visitedBranchPoints="0" sequenceCoverage="0" branchCoverage="0" maxCyclomaticComplexity="1" minCyclomaticComplexity="1" visitedClasses="0" numClasses="0" visitedMethods="0" numMethods="0" minCrapScore="0" maxCrapScore="0" />
              <MetadataToken>100663316</MetadataToken>
              <Name>System.Void Serilog.Sinks.Graylog.Core.GelfMessage::.ctor()</Name>
              <SequencePoints />
              <BranchPoints />
              <MethodPoint vc="19" uspid="100663316" ordinal="0" offset="0" />
            </Method>
          </Methods>
        </Class>
        <Class>
          <Summary numSequencePoints="8" visitedSequencePoints="8" numBranchPoints="1" visitedBranchPoints="0" sequenceCoverage="100" branchCoverage="0" maxCyclomaticComplexity="1" minCyclomaticComplexity="1" visitedClasses="1" numClasses="1" visitedMethods="1" numMethods="1" minCrapScore="1" maxCrapScore="1" />
          <FullName>Serilog.Sinks.Graylog.Core.GraylogSinkOptionsBase</FullName>
          <Methods>
            <Method visited="true" cyclomaticComplexity="1" nPathComplexity="0" sequenceCoverage="100" branchCoverage="0" isConstructor="true" isStatic="false" isGetter="false" isSetter="false" crapScore="1">
              <Summary numSequencePoints="8" visitedSequencePoints="8" numBranchPoints="1" visitedBranchPoints="0" sequenceCoverage="100" branchCoverage="0" maxCyclomaticComplexity="1" minCyclomaticComplexity="1" visitedClasses="0" numClasses="0" visitedMethods="1" numMethods="1" minCrapScore="1" maxCrapScore="1" />
              <MetadataToken>100663317</MetadataToken>
              <Name>System.Void Serilog.Sinks.Graylog.Core.GraylogSinkOptionsBase::.ctor()</Name>
              <FileRef uid="2" />
              <SequencePoints>
                <SequencePoint vc="13" uspid="15" ordinal="0" offset="0" sl="19" sc="9" el="19" ec="40" bec="0" bev="0" fileid="2" />
                <SequencePoint vc="13" uspid="14" ordinal="1" offset="7" sl="20" sc="9" el="20" ec="10" bec="0" bev="0" fileid="2" />
                <SequencePoint vc="13" uspid="13" ordinal="2" offset="8" sl="21" sc="13" el="21" ec="69" bec="0" bev="0" fileid="2" />
                <SequencePoint vc="13" uspid="12" ordinal="3" offset="16" sl="22" sc="13" el="22" ec="66" bec="0" bev="0" fileid="2" />
                <SequencePoint vc="13" uspid="11" ordinal="4" offset="28" sl="23" sc="13" el="23" ec="64" bec="0" bev="0" fileid="2" />
                <SequencePoint vc="13" uspid="10" ordinal="5" offset="36" sl="25" sc="13" el="25" ec="40" bec="0" bev="0" fileid="2" />
                <SequencePoint vc="13" uspid="9" ordinal="6" offset="48" sl="26" sc="13" el="26" ec="54" bec="0" bev="0" fileid="2" />
                <SequencePoint vc="13" uspid="8" ordinal="7" offset="57" sl="27" sc="9" el="27" ec="10" bec="0" bev="0" fileid="2" />
              </SequencePoints>
              <BranchPoints />
              <MethodPoint xsi:type="SequencePoint" vc="13" uspid="15" ordinal="0" offset="0" sl="19" sc="9" el="19" ec="40" bec="0" bev="0" fileid="2" />
            </Method>
          </Methods>
        </Class>
        <Class>
          <Summary numSequencePoints="0" visitedSequencePoints="0" numBranchPoints="0" visitedBranchPoints="0" sequenceCoverage="0" branchCoverage="0" maxCyclomaticComplexity="0" minCyclomaticComplexity="0" visitedClasses="0" numClasses="0" visitedMethods="0" numMethods="0" minCrapScore="0" maxCrapScore="0" />
          <FullName>Serilog.Sinks.Graylog.Core.ISinkComponentsBuilder</FullName>
          <Methods />
        </Class>
        <Class>
          <Summary numSequencePoints="24" visitedSequencePoints="23" numBranchPoints="7" visitedBranchPoints="4" sequenceCoverage="95.83" branchCoverage="57.14" maxCyclomaticComplexity="5" minCyclomaticComplexity="1" visitedClasses="1" numClasses="1" visitedMethods="3" numMethods="3" minCrapScore="1" maxCrapScore="5.2" />
          <FullName>Serilog.Sinks.Graylog.Core.SinkComponentsBuilder</FullName>
          <Methods>
            <Method visited="true" cyclomaticComplexity="1" nPathComplexity="0" sequenceCoverage="100" branchCoverage="0" isConstructor="true" isStatic="false" isGetter="false" isSetter="false" crapScore="1">
              <Summary numSequencePoints="5" visitedSequencePoints="5" numBranchPoints="1" visitedBranchPoints="0" sequenceCoverage="100" branchCoverage="0" maxCyclomaticComplexity="1" minCyclomaticComplexity="1" visitedClasses="0" numClasses="0" visitedMethods="1" numMethods="1" minCrapScore="1" maxCrapScore="1" />
              <MetadataToken>100663338</MetadataToken>
              <Name>System.Void Serilog.Sinks.Graylog.Core.SinkComponentsBuilder::.ctor(Serilog.Sinks.Graylog.Core.GraylogSinkOptionsBase)</Name>
              <FileRef uid="3" />
              <SequencePoints>
                <SequencePoint vc="13" uspid="20" ordinal="0" offset="0" sl="27" sc="9" el="27" ec="69" bec="0" bev="0" fileid="3" />
                <SequencePoint vc="13" uspid="19" ordinal="1" offset="7" sl="28" sc="9" el="28" ec="10" bec="0" bev="0" fileid="3" />
                <SequencePoint vc="13" uspid="18" ordinal="2" offset="8" sl="29" sc="13" el="29" ec="32" bec="0" bev="0" fileid="3" />
                <SequencePoint vc="13" uspid="17" ordinal="3" offset="15" sl="31" sc="13" el="43" ec="15" bec="0" bev="0" fileid="3" />
                <SequencePoint vc="13" uspid="16" ordinal="4" offset="76" sl="44" sc="9" el="44" ec="10" bec="0" bev="0" fileid="3" />
              </SequencePoints>
              <BranchPoints />
              <MethodPoint xsi:type="SequencePoint" vc="13" uspid="20" ordinal="0" offset="0" sl="27" sc="9" el="27" ec="69" bec="0" bev="0" fileid="3" />
            </Method>
            <Method visited="true" cyclomaticComplexity="5" nPathComplexity="4" sequenceCoverage="93.33" branchCoverage="80" isConstructor="false" isStatic="false" isGetter="false" isSetter="false" crapScore="5.2">
              <Summary numSequencePoints="15" visitedSequencePoints="14" numBranchPoints="5" visitedBranchPoints="4" sequenceCoverage="93.33" branchCoverage="80" maxCyclomaticComplexity="5" minCyclomaticComplexity="5" visitedClasses="0" numClasses="0" visitedMethods="1" numMethods="1" minCrapScore="5.2" maxCrapScore="5.2" />
              <MetadataToken>100663339</MetadataToken>
              <Name>Serilog.Sinks.Graylog.Core.Transport.ITransport Serilog.Sinks.Graylog.Core.SinkComponentsBuilder::MakeTransport()</Name>
              <FileRef uid="3" />
              <SequencePoints>
                <SequencePoint vc="10" uspid="35" ordinal="0" offset="0" sl="47" sc="9" el="47" ec="10" bec="0" bev="0" fileid="3" />
                <SequencePoint vc="10" uspid="34" ordinal="1" offset="1" sl="48" sc="13" el="48" ec="44" bec="4" bev="3" fileid="3" />
                <SequencePoint vc="6" uspid="33" ordinal="2" offset="43" sl="52" sc="21" el="52" ec="61" bec="0" bev="0" fileid="3" />
                <SequencePoint vc="6" uspid="32" ordinal="3" offset="54" sl="53" sc="21" el="53" ec="118" bec="0" bev="0" fileid="3" />
                <SequencePoint vc="6" uspid="31" ordinal="4" offset="77" sl="54" sc="21" el="54" ec="121" bec="0" bev="0" fileid="3" />
                <SequencePoint vc="6" uspid="30" ordinal="5" offset="115" sl="56" sc="21" el="56" ec="120" bec="0" bev="0" fileid="3" />
                <SequencePoint vc="6" uspid="29" ordinal="6" offset="144" sl="58" sc="21" el="61" ec="58" bec="0" bev="0" fileid="3" />
                <SequencePoint vc="6" uspid="28" ordinal="7" offset="179" sl="63" sc="21" el="63" ec="72" bec="0" bev="0" fileid="3" />
                <SequencePoint vc="6" uspid="27" ordinal="8" offset="188" sl="64" sc="21" el="64" ec="84" bec="0" bev="0" fileid="3" />
                <SequencePoint vc="6" uspid="26" ordinal="9" offset="199" sl="65" sc="21" el="65" ec="41" bec="0" bev="0" fileid="3" />
                <SequencePoint vc="4" uspid="25" ordinal="10" offset="205" sl="68" sc="21" el="68" ec="116" bec="0" bev="0" fileid="3" />
                <SequencePoint vc="4" uspid="24" ordinal="11" offset="249" sl="69" sc="21" el="69" ec="71" bec="0" bev="0" fileid="3" />
                <SequencePoint vc="4" uspid="23" ordinal="12" offset="258" sl="70" sc="21" el="70" ec="42" bec="0" bev="0" fileid="3" />
                <SequencePoint vc="0" uspid="22" ordinal="13" offset="264" sl="73" sc="21" el="73" ec="107" bec="0" bev="0" fileid="3" />
                <SequencePoint vc="10" uspid="21" ordinal="14" offset="292" sl="75" sc="9" el="75" ec="10" bec="0" bev="0" fileid="3" />
              </SequencePoints>
              <BranchPoints>
                <BranchPoint vc="4" uspid="0" ordinal="0" offset="27" sl="48" path="0" offsetchain="29" offsetend="31" fileid="3" />
                <BranchPoint vc="6" uspid="1" ordinal="1" offset="27" sl="48" path="1" offsetend="43" fileid="3" />
                <BranchPoint vc="0" uspid="2" ordinal="2" offset="33" sl="48" path="0" offsetchain="38" offsetend="264" fileid="3" />
                <BranchPoint vc="4" uspid="3" ordinal="3" offset="33" sl="48" path="1" offsetend="205" fileid="3" />
              </BranchPoints>
              <MethodPoint xsi:type="SequencePoint" vc="10" uspid="35" ordinal="0" offset="0" sl="47" sc="9" el="47" ec="10" bec="0" bev="0" fileid="3" />
            </Method>
            <Method visited="true" cyclomaticComplexity="2" nPathComplexity="0" sequenceCoverage="100" branchCoverage="0" isConstructor="false" isStatic="false" isGetter="false" isSetter="false" crapScore="2">
              <Summary numSequencePoints="4" visitedSequencePoints="4" numBranchPoints="1" visitedBranchPoints="0" sequenceCoverage="100" branchCoverage="0" maxCyclomaticComplexity="2" minCyclomaticComplexity="2" visitedClasses="0" numClasses="0" visitedMethods="1" numMethods="1" minCrapScore="2" maxCrapScore="2" />
              <MetadataToken>100663340</MetadataToken>
              <Name>Serilog.Sinks.Graylog.Core.IGelfConverter Serilog.Sinks.Graylog.Core.SinkComponentsBuilder::MakeGelfConverter()</Name>
              <FileRef uid="3" />
              <SequencePoints>
                <SequencePoint vc="10" uspid="39" ordinal="0" offset="0" sl="78" sc="9" el="78" ec="10" bec="0" bev="0" fileid="3" />
                <SequencePoint vc="10" uspid="38" ordinal="1" offset="1" sl="79" sc="13" el="79" ec="95" bec="0" bev="0" fileid="3" />
                <SequencePoint vc="10" uspid="37" ordinal="2" offset="28" sl="80" sc="13" el="80" ec="30" bec="0" bev="0" fileid="3" />
                <SequencePoint vc="10" uspid="36" ordinal="3" offset="32" sl="81" sc="9" el="81" ec="10" bec="0" bev="0" fileid="3" />
              </SequencePoints>
              <BranchPoints />
              <MethodPoint xsi:type="SequencePoint" vc="10" uspid="39" ordinal="0" offset="0" sl="78" sc="9" el="78" ec="10" bec="0" bev="0" fileid="3" />
            </Method>
          </Methods>
        </Class>
        <Class>
          <Summary numSequencePoints="1" visitedSequencePoints="1" numBranchPoints="1" visitedBranchPoints="0" sequenceCoverage="100" branchCoverage="0" maxCyclomaticComplexity="1" minCyclomaticComplexity="1" visitedClasses="1" numClasses="1" visitedMethods="1" numMethods="1" minCrapScore="1" maxCrapScore="1" />
          <FullName>Serilog.Sinks.Graylog.Core.SinkComponentsBuilder/&lt;&gt;c__DisplayClass3_0</FullName>
          <Methods>
            <Method visited="true" cyclomaticComplexity="1" nPathComplexity="0" sequenceCoverage="100" branchCoverage="0" isConstructor="false" isStatic="false" isGetter="false" isSetter="false" crapScore="1">
              <Summary numSequencePoints="1" visitedSequencePoints="1" numBranchPoints="1" visitedBranchPoints="0" sequenceCoverage="100" branchCoverage="0" maxCyclomaticComplexity="1" minCyclomaticComplexity="1" visitedClasses="0" numClasses="0" visitedMethods="1" numMethods="1" minCrapScore="1" maxCrapScore="1" />
              <MetadataToken>100663396</MetadataToken>
              <Name>System.Threading.Tasks.Task`1&lt;System.Net.IPAddress[]&gt; Serilog.Sinks.Graylog.Core.SinkComponentsBuilder/&lt;&gt;c__DisplayClass3_0::&lt;MakeTransport&gt;b__0()</Name>
              <FileRef uid="3" />
              <SequencePoints>
                <SequencePoint vc="6" uspid="40" ordinal="0" offset="0" sl="53" sc="61" el="53" ec="109" bec="0" bev="0" fileid="3" />
              </SequencePoints>
              <BranchPoints />
              <MethodPoint xsi:type="SequencePoint" vc="6" uspid="40" ordinal="0" offset="0" sl="53" sc="61" el="53" ec="109" bec="0" bev="0" fileid="3" />
            </Method>
          </Methods>
        </Class>
        <Class>
          <Summary numSequencePoints="1" visitedSequencePoints="1" numBranchPoints="1" visitedBranchPoints="0" sequenceCoverage="100" branchCoverage="0" maxCyclomaticComplexity="1" minCyclomaticComplexity="1" visitedClasses="1" numClasses="1" visitedMethods="1" numMethods="1" minCrapScore="1" maxCrapScore="1" />
          <FullName>Serilog.Sinks.Graylog.Core.SinkComponentsBuilder/&lt;&gt;c</FullName>
          <Methods>
            <Method visited="true" cyclomaticComplexity="1" nPathComplexity="0" sequenceCoverage="100" branchCoverage="0" isConstructor="false" isStatic="false" isGetter="false" isSetter="false" crapScore="1">
              <Summary numSequencePoints="1" visitedSequencePoints="1" numBranchPoints="1" visitedBranchPoints="0" sequenceCoverage="100" branchCoverage="0" maxCyclomaticComplexity="1" minCyclomaticComplexity="1" visitedClasses="0" numClasses="0" visitedMethods="1" numMethods="1" minCrapScore="1" maxCrapScore="1" />
              <MetadataToken>100663399</MetadataToken>
              <Name>System.Boolean Serilog.Sinks.Graylog.Core.SinkComponentsBuilder/&lt;&gt;c::&lt;MakeTransport&gt;b__3_1(System.Net.IPAddress)</Name>
              <FileRef uid="3" />
              <SequencePoints>
                <SequencePoint vc="6" uspid="41" ordinal="0" offset="0" sl="54" sc="74" el="54" ec="119" bec="0" bev="0" fileid="3" />
              </SequencePoints>
              <BranchPoints />
              <MethodPoint xsi:type="SequencePoint" vc="6" uspid="41" ordinal="0" offset="0" sl="54" sc="74" el="54" ec="119" bec="0" bev="0" fileid="3" />
            </Method>
          </Methods>
        </Class>
        <Class>
          <Summary numSequencePoints="0" visitedSequencePoints="0" numBranchPoints="0" visitedBranchPoints="0" sequenceCoverage="0" branchCoverage="0" maxCyclomaticComplexity="0" minCyclomaticComplexity="0" visitedClasses="0" numClasses="0" visitedMethods="0" numMethods="0" minCrapScore="0" maxCrapScore="0" />
          <FullName>Serilog.Sinks.Graylog.Core.Transport.IDnsInfoProvider</FullName>
          <Methods />
        </Class>
        <Class>
          <Summary numSequencePoints="3" visitedSequencePoints="3" numBranchPoints="1" visitedBranchPoints="0" sequenceCoverage="100" branchCoverage="0" maxCyclomaticComplexity="1" minCyclomaticComplexity="1" visitedClasses="1" numClasses="1" visitedMethods="1" numMethods="1" minCrapScore="1" maxCrapScore="1" />
          <FullName>Serilog.Sinks.Graylog.Core.Transport.DnsWrapper</FullName>
          <Methods>
            <Method visited="true" cyclomaticComplexity="1" nPathComplexity="0" sequenceCoverage="100" branchCoverage="0" isConstructor="false" isStatic="false" isGetter="false" isSetter="false" crapScore="1">
              <Summary numSequencePoints="3" visitedSequencePoints="3" numBranchPoints="1" visitedBranchPoints="0" sequenceCoverage="100" branchCoverage="0" maxCyclomaticComplexity="1" minCyclomaticComplexity="1" visitedClasses="0" numClasses="0" visitedMethods="1" numMethods="1" minCrapScore="1" maxCrapScore="1" />
              <MetadataToken>100663344</MetadataToken>
              <Name>System.Threading.Tasks.Task`1&lt;System.Net.IPAddress[]&gt; Serilog.Sinks.Graylog.Core.Transport.DnsWrapper::GetHostAddresses(System.String)</Name>
              <FileRef uid="4" />
              <SequencePoints>
                <SequencePoint vc="6" uspid="44" ordinal="0" offset="0" sl="28" sc="9" el="28" ec="10" bec="0" bev="0" fileid="4" />
                <SequencePoint vc="6" uspid="43" ordinal="1" offset="1" sl="29" sc="13" el="29" ec="65" bec="0" bev="0" fileid="4" />
                <SequencePoint vc="6" uspid="42" ordinal="2" offset="10" sl="30" sc="9" el="30" ec="10" bec="0" bev="0" fileid="4" />
              </SequencePoints>
              <BranchPoints />
              <MethodPoint xsi:type="SequencePoint" vc="6" uspid="44" ordinal="0" offset="0" sl="28" sc="9" el="28" ec="10" bec="0" bev="0" fileid="4" />
            </Method>
            <Method visited="false" cyclomaticComplexity="1" nPathComplexity="0" sequenceCoverage="0" branchCoverage="0" isConstructor="true" isStatic="false" isGetter="false" isSetter="false" crapScore="0">
              <Summary numSequencePoints="0" visitedSequencePoints="0" numBranchPoints="0" visitedBranchPoints="0" sequenceCoverage="0" branchCoverage="0" maxCyclomaticComplexity="1" minCyclomaticComplexity="1" visitedClasses="0" numClasses="0" visitedMethods="0" numMethods="0" minCrapScore="0" maxCrapScore="0" />
              <MetadataToken>100663345</MetadataToken>
              <Name>System.Void Serilog.Sinks.Graylog.Core.Transport.DnsWrapper::.ctor()</Name>
              <SequencePoints />
              <BranchPoints />
              <MethodPoint vc="6" uspid="100663345" ordinal="0" offset="0" />
            </Method>
          </Methods>
        </Class>
        <Class>
          <Summary numSequencePoints="0" visitedSequencePoints="0" numBranchPoints="0" visitedBranchPoints="0" sequenceCoverage="0" branchCoverage="0" maxCyclomaticComplexity="0" minCyclomaticComplexity="0" visitedClasses="0" numClasses="0" visitedMethods="0" numMethods="0" minCrapScore="0" maxCrapScore="0" />
          <FullName>Serilog.Sinks.Graylog.Core.Transport.ITransport</FullName>
          <Methods />
        </Class>
        <Class>
          <Summary numSequencePoints="0" visitedSequencePoints="0" numBranchPoints="0" visitedBranchPoints="0" sequenceCoverage="0" branchCoverage="0" maxCyclomaticComplexity="0" minCyclomaticComplexity="0" visitedClasses="0" numClasses="0" visitedMethods="0" numMethods="0" minCrapScore="0" maxCrapScore="0" />
          <FullName>Serilog.Sinks.Graylog.Core.Transport.ITransportClient`1</FullName>
          <Methods />
        </Class>
        <Class>
          <Summary numSequencePoints="0" visitedSequencePoints="0" numBranchPoints="0" visitedBranchPoints="0" sequenceCoverage="0" branchCoverage="0" maxCyclomaticComplexity="0" minCyclomaticComplexity="0" visitedClasses="0" numClasses="0" visitedMethods="0" numMethods="0" minCrapScore="0" maxCrapScore="0" />
          <FullName>Serilog.Sinks.Graylog.Core.Transport.TransportType</FullName>
          <Methods />
        </Class>
        <Class>
          <Summary numSequencePoints="1" visitedSequencePoints="0" numBranchPoints="1" visitedBranchPoints="0" sequenceCoverage="0" branchCoverage="0" maxCyclomaticComplexity="1" minCyclomaticComplexity="1" visitedClasses="0" numClasses="1" visitedMethods="0" numMethods="1" minCrapScore="0" maxCrapScore="0" />
          <FullName>Serilog.Sinks.Graylog.Core.Transport.Udp.ChunkSettings</FullName>
          <Methods>
            <Method visited="false" cyclomaticComplexity="1" nPathComplexity="0" sequenceCoverage="0" branchCoverage="0" isConstructor="true" isStatic="false" isGetter="false" isSetter="false" crapScore="0">
              <Summary numSequencePoints="0" visitedSequencePoints="0" numBranchPoints="0" visitedBranchPoints="0" sequenceCoverage="0" branchCoverage="0" maxCyclomaticComplexity="1" minCyclomaticComplexity="1" visitedClasses="0" numClasses="0" visitedMethods="0" numMethods="0" minCrapScore="0" maxCrapScore="0" />
              <MetadataToken>100663350</MetadataToken>
              <Name>System.Void Serilog.Sinks.Graylog.Core.Transport.Udp.ChunkSettings::.ctor()</Name>
              <SequencePoints />
              <BranchPoints />
              <MethodPoint vc="6" uspid="100663350" ordinal="0" offset="0" />
            </Method>
            <Method visited="false" cyclomaticComplexity="1" nPathComplexity="0" sequenceCoverage="0" branchCoverage="0" isConstructor="true" isStatic="true" isGetter="false" isSetter="false" crapScore="0">
              <Summary numSequencePoints="1" visitedSequencePoints="0" numBranchPoints="1" visitedBranchPoints="0" sequenceCoverage="0" branchCoverage="0" maxCyclomaticComplexity="1" minCyclomaticComplexity="1" visitedClasses="0" numClasses="0" visitedMethods="0" numMethods="1" minCrapScore="0" maxCrapScore="0" />
              <MetadataToken>100663351</MetadataToken>
              <Name>System.Void Serilog.Sinks.Graylog.Core.Transport.Udp.ChunkSettings::.cctor()</Name>
              <FileRef uid="5" />
              <SequencePoints>
                <SequencePoint vc="0" uspid="45" ordinal="0" offset="0" sl="36" sc="9" el="36" ec="69" bec="0" bev="0" fileid="5" />
              </SequencePoints>
              <BranchPoints />
              <MethodPoint xsi:type="SequencePoint" vc="0" uspid="45" ordinal="0" offset="0" sl="36" sc="9" el="36" ec="69" bec="0" bev="0" fileid="5" />
            </Method>
          </Methods>
        </Class>
        <Class>
          <Summary numSequencePoints="0" visitedSequencePoints="0" numBranchPoints="0" visitedBranchPoints="0" sequenceCoverage="0" branchCoverage="0" maxCyclomaticComplexity="0" minCyclomaticComplexity="0" visitedClasses="0" numClasses="0" visitedMethods="0" numMethods="0" minCrapScore="0" maxCrapScore="0" />
          <FullName>Serilog.Sinks.Graylog.Core.Transport.Udp.IDataToChunkConverter</FullName>
          <Methods />
        </Class>
        <Class>
          <Summary numSequencePoints="39" visitedSequencePoints="11" numBranchPoints="9" visitedBranchPoints="2" sequenceCoverage="28.21" branchCoverage="22.22" maxCyclomaticComplexity="4" minCyclomaticComplexity="1" visitedClasses="1" numClasses="1" visitedMethods="2" numMethods="3" minCrapScore="1" maxCrapScore="20" />
          <FullName>Serilog.Sinks.Graylog.Core.Transport.Udp.DataToChunkConverter</FullName>
          <Methods>
            <Method visited="true" cyclomaticComplexity="1" nPathComplexity="0" sequenceCoverage="100" branchCoverage="0" isConstructor="true" isStatic="false" isGetter="false" isSetter="false" crapScore="1">
              <Summary numSequencePoints="5" visitedSequencePoints="5" numBranchPoints="1" visitedBranchPoints="0" sequenceCoverage="100" branchCoverage="0" maxCyclomaticComplexity="1" minCyclomaticComplexity="1" visitedClasses="0" numClasses="0" visitedMethods="1" numMethods="1" minCrapScore="1" maxCrapScore="1" />
              <MetadataToken>100663353</MetadataToken>
              <Name>System.Void Serilog.Sinks.Graylog.Core.Transport.Udp.DataToChunkConverter::.ctor(Serilog.Sinks.Graylog.Core.Transport.Udp.ChunkSettings,Serilog.Sinks.Graylog.Core.Helpers.IMessageIdGeneratorResolver)</Name>
              <FileRef uid="6" />
              <SequencePoints>
                <SequencePoint vc="6" uspid="50" ordinal="0" offset="0" sl="34" sc="9" el="34" ec="107" bec="0" bev="0" fileid="6" />
                <SequencePoint vc="6" uspid="49" ordinal="1" offset="7" sl="35" sc="9" el="35" ec="10" bec="0" bev="0" fileid="6" />
                <SequencePoint vc="6" uspid="48" ordinal="2" offset="8" sl="36" sc="13" el="36" ec="34" bec="0" bev="0" fileid="6" />
                <SequencePoint vc="6" uspid="47" ordinal="3" offset="15" sl="37" sc="13" el="37" ec="52" bec="0" bev="0" fileid="6" />
                <SequencePoint vc="6" uspid="46" ordinal="4" offset="22" sl="38" sc="9" el="38" ec="10" bec="0" bev="0" fileid="6" />
              </SequencePoints>
              <BranchPoints />
              <MethodPoint xsi:type="SequencePoint" vc="6" uspid="50" ordinal="0" offset="0" sl="34" sc="9" el="34" ec="107" bec="0" bev="0" fileid="6" />
            </Method>
            <Method visited="true" cyclomaticComplexity="4" nPathComplexity="8" sequenceCoverage="23.08" branchCoverage="28.57" isConstructor="false" isStatic="false" isGetter="false" isSetter="false" crapScore="20">
              <Summary numSequencePoints="26" visitedSequencePoints="6" numBranchPoints="7" visitedBranchPoints="2" sequenceCoverage="23.08" branchCoverage="28.57" maxCyclomaticComplexity="4" minCyclomaticComplexity="4" visitedClasses="0" numClasses="0" visitedMethods="1" numMethods="1" minCrapScore="20" maxCrapScore="20" />
              <MetadataToken>100663354</MetadataToken>
              <Name>System.Collections.Generic.IList`1&lt;System.Byte[]&gt; Serilog.Sinks.Graylog.Core.Transport.Udp.DataToChunkConverter::ConvertToChunks(System.Byte[])</Name>
              <FileRef uid="6" />
              <SequencePoints>
                <SequencePoint vc="15" uspid="76" ordinal="0" offset="0" sl="48" sc="9" el="48" ec="10" bec="0" bev="0" fileid="6" />
                <SequencePoint vc="15" uspid="75" ordinal="1" offset="1" sl="49" sc="13" el="49" ec="48" bec="0" bev="0" fileid="6" />
                <SequencePoint vc="15" uspid="74" ordinal="2" offset="5" sl="50" sc="13" el="50" ec="68" bec="2" bev="1" fileid="6" />
                <SequencePoint vc="15" uspid="73" ordinal="3" offset="22" sl="51" sc="13" el="51" ec="14" bec="0" bev="0" fileid="6" />
                <SequencePoint vc="15" uspid="72" ordinal="4" offset="23" sl="52" sc="17" el="52" ec="54" bec="0" bev="0" fileid="6" />
                <SequencePoint vc="0" uspid="71" ordinal="5" offset="44" sl="55" sc="13" el="55" ec="87" bec="0" bev="0" fileid="6" />
                <SequencePoint vc="0" uspid="70" ordinal="6" offset="54" sl="56" sc="13" el="56" ec="70" bec="2" bev="0" fileid="6" />
                <SequencePoint vc="0" uspid="69" ordinal="7" offset="68" sl="57" sc="13" el="57" ec="14" bec="0" bev="0" fileid="6" />
                <SequencePoint vc="0" uspid="68" ordinal="8" offset="69" sl="58" sc="17" el="58" ec="86" bec="0" bev="0" fileid="6" />
                <SequencePoint vc="0" uspid="67" ordinal="9" offset="85" sl="61" sc="13" el="61" ec="115" bec="0" bev="0" fileid="6" />
                <SequencePoint vc="0" uspid="66" ordinal="10" offset="108" sl="62" sc="13" el="62" ec="78" bec="0" bev="0" fileid="6" />
                <SequencePoint vc="0" uspid="65" ordinal="11" offset="116" sl="64" sc="13" el="64" ec="45" bec="0" bev="0" fileid="6" />
                <SequencePoint vc="0" uspid="64" ordinal="12" offset="123" sl="65" sc="18" el="65" ec="28" bec="0" bev="0" fileid="6" />
                <SequencePoint vc="0" uspid="63" ordinal="13" offset="128" sl="66" sc="13" el="66" ec="14" bec="0" bev="0" fileid="6" />
                <SequencePoint vc="0" uspid="62" ordinal="14" offset="129" sl="67" sc="17" el="67" ec="97" bec="0" bev="0" fileid="6" />
                <SequencePoint vc="0" uspid="61" ordinal="15" offset="141" sl="69" sc="17" el="69" ec="68" bec="0" bev="0" fileid="6" />
                <SequencePoint vc="0" uspid="60" ordinal="16" offset="151" sl="70" sc="17" el="70" ec="107" bec="0" bev="0" fileid="6" />
                <SequencePoint vc="0" uspid="59" ordinal="17" offset="176" sl="72" sc="17" el="72" ec="93" bec="0" bev="0" fileid="6" />
                <SequencePoint vc="0" uspid="58" ordinal="18" offset="195" sl="73" sc="17" el="73" ec="56" bec="0" bev="0" fileid="6" />
                <SequencePoint vc="0" uspid="57" ordinal="19" offset="205" sl="74" sc="17" el="74" ec="54" bec="0" bev="0" fileid="6" />
                <SequencePoint vc="0" uspid="56" ordinal="20" offset="215" sl="75" sc="17" el="75" ec="56" bec="0" bev="0" fileid="6" />
                <SequencePoint vc="0" uspid="55" ordinal="21" offset="230" sl="76" sc="13" el="76" ec="14" bec="0" bev="0" fileid="6" />
                <SequencePoint vc="0" uspid="54" ordinal="22" offset="231" sl="65" sc="47" el="65" ec="50" bec="0" bev="0" fileid="6" />
                <SequencePoint vc="0" uspid="53" ordinal="23" offset="238" sl="65" sc="30" el="65" ec="45" bec="2" bev="0" fileid="6" />
                <SequencePoint vc="0" uspid="52" ordinal="24" offset="249" sl="77" sc="13" el="77" ec="27" bec="0" bev="0" fileid="6" />
                <SequencePoint vc="15" uspid="51" ordinal="25" offset="255" sl="78" sc="9" el="78" ec="10" bec="0" bev="0" fileid="6" />
              </SequencePoints>
              <BranchPoints>
                <BranchPoint vc="15" uspid="4" ordinal="0" offset="20" sl="50" path="0" offsetend="22" fileid="6" />
                <BranchPoint vc="0" uspid="5" ordinal="1" offset="20" sl="50" path="1" offsetend="44" fileid="6" />
                <BranchPoint vc="0" uspid="6" ordinal="2" offset="66" sl="56" path="0" offsetend="68" fileid="6" />
                <BranchPoint vc="0" uspid="7" ordinal="3" offset="66" sl="56" path="1" offsetend="85" fileid="6" />
                <BranchPoint vc="0" uspid="8" ordinal="4" offset="247" sl="65" path="0" offsetend="249" fileid="6" />
                <BranchPoint vc="0" uspid="9" ordinal="5" offset="247" sl="65" path="1" offsetend="128" fileid="6" />
              </BranchPoints>
              <MethodPoint xsi:type="SequencePoint" vc="15" uspid="76" ordinal="0" offset="0" sl="48" sc="9" el="48" ec="10" bec="0" bev="0" fileid="6" />
            </Method>
            <Method visited="false" cyclomaticComplexity="1" nPathComplexity="0" sequenceCoverage="0" branchCoverage="0" isConstructor="false" isStatic="true" isGetter="false" isSetter="false" crapScore="0">
              <Summary numSequencePoints="8" visitedSequencePoints="0" numBranchPoints="1" visitedBranchPoints="0" sequenceCoverage="0" branchCoverage="0" maxCyclomaticComplexity="1" minCyclomaticComplexity="1" visitedClasses="0" numClasses="0" visitedMethods="0" numMethods="1" minCrapScore="0" maxCrapScore="0" />
              <MetadataToken>100663355</MetadataToken>
              <Name>System.Collections.Generic.IList`1&lt;System.Byte&gt; Serilog.Sinks.Graylog.Core.Transport.Udp.DataToChunkConverter::ConstructChunkHeader(System.Byte[],System.Byte,System.Byte)</Name>
              <FileRef uid="6" />
              <SequencePoints>
                <SequencePoint vc="0" uspid="84" ordinal="0" offset="0" sl="81" sc="9" el="81" ec="10" bec="0" bev="0" fileid="6" />
                <SequencePoint vc="0" uspid="83" ordinal="1" offset="1" sl="82" sc="13" el="82" ec="67" bec="0" bev="0" fileid="6" />
                <SequencePoint vc="0" uspid="82" ordinal="2" offset="9" sl="83" sc="13" el="83" ec="59" bec="0" bev="0" fileid="6" />
                <SequencePoint vc="0" uspid="81" ordinal="3" offset="21" sl="84" sc="13" el="84" ec="40" bec="0" bev="0" fileid="6" />
                <SequencePoint vc="0" uspid="80" ordinal="4" offset="29" sl="85" sc="13" el="85" ec="37" bec="0" bev="0" fileid="6" />
                <SequencePoint vc="0" uspid="79" ordinal="5" offset="37" sl="86" sc="13" el="86" ec="37" bec="0" bev="0" fileid="6" />
                <SequencePoint vc="0" uspid="78" ordinal="6" offset="45" sl="87" sc="13" el="87" ec="27" bec="0" bev="0" fileid="6" />
                <SequencePoint vc="0" uspid="77" ordinal="7" offset="49" sl="88" sc="9" el="88" ec="10" bec="0" bev="0" fileid="6" />
              </SequencePoints>
              <BranchPoints />
              <MethodPoint xsi:type="SequencePoint" vc="0" uspid="84" ordinal="0" offset="0" sl="81" sc="9" el="81" ec="10" bec="0" bev="0" fileid="6" />
            </Method>
          </Methods>
        </Class>
        <Class>
          <Summary numSequencePoints="14" visitedSequencePoints="11" numBranchPoints="5" visitedBranchPoints="0" sequenceCoverage="78.57" branchCoverage="0" maxCyclomaticComplexity="2" minCyclomaticComplexity="1" visitedClasses="1" numClasses="1" visitedMethods="2" numMethods="3" minCrapScore="1" maxCrapScore="1" />
          <FullName>Serilog.Sinks.Graylog.Core.Transport.Udp.UdpTransport</FullName>
          <Methods>
            <Method visited="true" cyclomaticComplexity="1" nPathComplexity="0" sequenceCoverage="100" branchCoverage="0" isConstructor="true" isStatic="false" isGetter="false" isSetter="false" crapScore="1">
              <Summary numSequencePoints="5" visitedSequencePoints="5" numBranchPoints="1" visitedBranchPoints="0" sequenceCoverage="100" branchCoverage="0" maxCyclomaticComplexity="1" minCyclomaticComplexity="1" visitedClasses="0" numClasses="0" visitedMethods="1" numMethods="1" minCrapScore="1" maxCrapScore="1" />
              <MetadataToken>100663356</MetadataToken>
              <Name>System.Void Serilog.Sinks.Graylog.Core.Transport.Udp.UdpTransport::.ctor(Serilog.Sinks.Graylog.Core.Transport.ITransportClient`1&lt;System.Byte[]&gt;,Serilog.Sinks.Graylog.Core.Transport.Udp.IDataToChunkConverter)</Name>
              <FileRef uid="7" />
              <SequencePoints>
                <SequencePoint vc="6" uspid="89" ordinal="0" offset="0" sl="19" sc="9" el="19" ec="108" bec="0" bev="0" fileid="7" />
                <SequencePoint vc="6" uspid="88" ordinal="1" offset="7" sl="20" sc="9" el="20" ec="10" bec="0" bev="0" fileid="7" />
                <SequencePoint vc="6" uspid="87" ordinal="2" offset="8" sl="21" sc="13" el="21" ec="48" bec="0" bev="0" fileid="7" />
                <SequencePoint vc="6" uspid="86" ordinal="3" offset="15" sl="22" sc="13" el="22" ec="46" bec="0" bev="0" fileid="7" />
                <SequencePoint vc="6" uspid="85" ordinal="4" offset="22" sl="23" sc="9" el="23" ec="10" bec="0" bev="0" fileid="7" />
              </SequencePoints>
              <BranchPoints />
              <MethodPoint xsi:type="SequencePoint" vc="6" uspid="89" ordinal="0" offset="0" sl="19" sc="9" el="19" ec="108" bec="0" bev="0" fileid="7" />
            </Method>
            <Method visited="true" cyclomaticComplexity="1" nPathComplexity="0" sequenceCoverage="100" branchCoverage="0" isConstructor="false" isStatic="false" isGetter="false" isSetter="false" crapScore="1">
              <Summary numSequencePoints="6" visitedSequencePoints="6" numBranchPoints="1" visitedBranchPoints="0" sequenceCoverage="100" branchCoverage="0" maxCyclomaticComplexity="1" minCyclomaticComplexity="1" visitedClasses="0" numClasses="0" visitedMethods="1" numMethods="1" minCrapScore="1" maxCrapScore="1" />
              <MetadataToken>100663357</MetadataToken>
              <Name>System.Threading.Tasks.Task Serilog.Sinks.Graylog.Core.Transport.Udp.UdpTransport::Send(System.String)</Name>
              <FileRef uid="7" />
              <SequencePoints>
                <SequencePoint vc="15" uspid="95" ordinal="0" offset="0" sl="33" sc="9" el="33" ec="10" bec="0" bev="0" fileid="7" />
                <SequencePoint vc="15" uspid="94" ordinal="1" offset="1" sl="34" sc="13" el="34" ec="59" bec="0" bev="0" fileid="7" />
                <SequencePoint vc="15" uspid="93" ordinal="2" offset="8" sl="35" sc="13" el="35" ec="87" bec="0" bev="0" fileid="7" />
                <SequencePoint vc="15" uspid="92" ordinal="3" offset="21" sl="37" sc="13" el="37" ec="88" bec="0" bev="0" fileid="7" />
                <SequencePoint vc="15" uspid="91" ordinal="4" offset="40" sl="38" sc="13" el="38" ec="54" bec="0" bev="0" fileid="7" />
                <SequencePoint vc="15" uspid="90" ordinal="5" offset="54" sl="39" sc="9" el="39" ec="10" bec="0" bev="0" fileid="7" />
              </SequencePoints>
              <BranchPoints />
              <MethodPoint xsi:type="SequencePoint" vc="15" uspid="95" ordinal="0" offset="0" sl="33" sc="9" el="33" ec="10" bec="0" bev="0" fileid="7" />
            </Method>
            <Method visited="false" cyclomaticComplexity="2" nPathComplexity="2" sequenceCoverage="0" branchCoverage="0" isConstructor="false" isStatic="false" isGetter="false" isSetter="false" crapScore="0">
              <Summary numSequencePoints="3" visitedSequencePoints="0" numBranchPoints="3" visitedBranchPoints="0" sequenceCoverage="0" branchCoverage="0" maxCyclomaticComplexity="2" minCyclomaticComplexity="2" visitedClasses="0" numClasses="0" visitedMethods="0" numMethods="1" minCrapScore="0" maxCrapScore="0" />
              <MetadataToken>100663358</MetadataToken>
              <Name>System.Void Serilog.Sinks.Graylog.Core.Transport.Udp.UdpTransport::Dispose()</Name>
              <FileRef uid="7" />
              <SequencePoints>
                <SequencePoint vc="0" uspid="98" ordinal="0" offset="0" sl="42" sc="9" el="42" ec="10" bec="0" bev="0" fileid="7" />
                <SequencePoint vc="0" uspid="97" ordinal="1" offset="1" sl="43" sc="13" el="43" ec="41" bec="2" bev="0" fileid="7" />
                <SequencePoint vc="0" uspid="96" ordinal="2" offset="19" sl="44" sc="9" el="44" ec="10" bec="0" bev="0" fileid="7" />
              </SequencePoints>
              <BranchPoints>
                <BranchPoint vc="0" uspid="10" ordinal="0" offset="8" sl="43" path="0" offsetchain="10" offsetend="19" fileid="7" />
                <BranchPoint vc="0" uspid="11" ordinal="1" offset="8" sl="43" path="1" offsetend="13" fileid="7" />
              </BranchPoints>
              <MethodPoint xsi:type="SequencePoint" vc="0" uspid="98" ordinal="0" offset="0" sl="42" sc="9" el="42" ec="10" bec="0" bev="0" fileid="7" />
            </Method>
          </Methods>
        </Class>
        <Class>
          <Summary numSequencePoints="11" visitedSequencePoints="8" numBranchPoints="5" visitedBranchPoints="0" sequenceCoverage="72.73" branchCoverage="0" maxCyclomaticComplexity="2" minCyclomaticComplexity="1" visitedClasses="1" numClasses="1" visitedMethods="2" numMethods="3" minCrapScore="1" maxCrapScore="1" />
          <FullName>Serilog.Sinks.Graylog.Core.Transport.Udp.UdpTransportClient</FullName>
          <Methods>
            <Method visited="true" cyclomaticComplexity="1" nPathComplexity="0" sequenceCoverage="100" branchCoverage="0" isConstructor="true" isStatic="false" isGetter="false" isSetter="false" crapScore="1">
              <Summary numSequencePoints="5" visitedSequencePoints="5" numBranchPoints="1" visitedBranchPoints="0" sequenceCoverage="100" branchCoverage="0" maxCyclomaticComplexity="1" minCyclomaticComplexity="1" visitedClasses="0" numClasses="0" visitedMethods="1" numMethods="1" minCrapScore="1" maxCrapScore="1" />
              <MetadataToken>100663360</MetadataToken>
              <Name>System.Void Serilog.Sinks.Graylog.Core.Transport.Udp.UdpTransportClient::.ctor(System.Net.IPEndPoint)</Name>
              <FileRef uid="8" />
              <SequencePoints>
                <SequencePoint vc="6" uspid="103" ordinal="0" offset="0" sl="21" sc="9" el="21" ec="53" bec="0" bev="0" fileid="8" />
                <SequencePoint vc="6" uspid="102" ordinal="1" offset="7" sl="22" sc="9" el="22" ec="10" bec="0" bev="0" fileid="8" />
                <SequencePoint vc="6" uspid="101" ordinal="2" offset="8" sl="23" sc="13" el="23" ec="30" bec="0" bev="0" fileid="8" />
                <SequencePoint vc="6" uspid="100" ordinal="3" offset="15" sl="24" sc="13" el="24" ec="39" bec="0" bev="0" fileid="8" />
                <SequencePoint vc="6" uspid="99" ordinal="4" offset="26" sl="25" sc="9" el="25" ec="10" bec="0" bev="0" fileid="8" />
              </SequencePoints>
              <BranchPoints />
              <MethodPoint xsi:type="SequencePoint" vc="6" uspid="103" ordinal="0" offset="0" sl="21" sc="9" el="21" ec="53" bec="0" bev="0" fileid="8" />
            </Method>
            <Method visited="true" cyclomaticComplexity="1" nPathComplexity="0" sequenceCoverage="100" branchCoverage="0" isConstructor="false" isStatic="false" isGetter="false" isSetter="false" crapScore="1">
              <Summary numSequencePoints="3" visitedSequencePoints="3" numBranchPoints="1" visitedBranchPoints="0" sequenceCoverage="100" branchCoverage="0" maxCyclomaticComplexity="1" minCyclomaticComplexity="1" visitedClasses="0" numClasses="0" visitedMethods="1" numMethods="1" minCrapScore="1" maxCrapScore="1" />
              <MetadataToken>100663361</MetadataToken>
              <Name>System.Threading.Tasks.Task Serilog.Sinks.Graylog.Core.Transport.Udp.UdpTransportClient::Send(System.Byte[])</Name>
              <FileRef uid="8" />
              <SequencePoints>
                <SequencePoint vc="15" uspid="106" ordinal="0" offset="0" sl="32" sc="9" el="32" ec="10" bec="0" bev="0" fileid="8" />
                <SequencePoint vc="15" uspid="105" ordinal="1" offset="1" sl="33" sc="13" el="33" ec="72" bec="0" bev="0" fileid="8" />
                <SequencePoint vc="15" uspid="104" ordinal="2" offset="25" sl="34" sc="9" el="34" ec="10" bec="0" bev="0" fileid="8" />
              </SequencePoints>
              <BranchPoints />
              <MethodPoint xsi:type="SequencePoint" vc="15" uspid="106" ordinal="0" offset="0" sl="32" sc="9" el="32" ec="10" bec="0" bev="0" fileid="8" />
            </Method>
            <Method visited="false" cyclomaticComplexity="2" nPathComplexity="2" sequenceCoverage="0" branchCoverage="0" isConstructor="false" isStatic="false" isGetter="false" isSetter="false" crapScore="0">
              <Summary numSequencePoints="3" visitedSequencePoints="0" numBranchPoints="3" visitedBranchPoints="0" sequenceCoverage="0" branchCoverage="0" maxCyclomaticComplexity="2" minCyclomaticComplexity="2" visitedClasses="0" numClasses="0" visitedMethods="0" numMethods="1" minCrapScore="0" maxCrapScore="0" />
              <MetadataToken>100663362</MetadataToken>
              <Name>System.Void Serilog.Sinks.Graylog.Core.Transport.Udp.UdpTransportClient::Dispose()</Name>
              <FileRef uid="8" />
              <SequencePoints>
                <SequencePoint vc="0" uspid="109" ordinal="0" offset="0" sl="37" sc="9" el="37" ec="10" bec="0" bev="0" fileid="8" />
                <SequencePoint vc="0" uspid="108" ordinal="1" offset="1" sl="38" sc="13" el="38" ec="49" bec="2" bev="0" fileid="8" />
                <SequencePoint vc="0" uspid="107" ordinal="2" offset="19" sl="39" sc="9" el="39" ec="10" bec="0" bev="0" fileid="8" />
              </SequencePoints>
              <BranchPoints>
                <BranchPoint vc="0" uspid="12" ordinal="0" offset="8" sl="38" path="0" offsetchain="10" offsetend="19" fileid="8" />
                <BranchPoint vc="0" uspid="13" ordinal="1" offset="8" sl="38" path="1" offsetend="13" fileid="8" />
              </BranchPoints>
              <MethodPoint xsi:type="SequencePoint" vc="0" uspid="109" ordinal="0" offset="0" sl="37" sc="9" el="37" ec="10" bec="0" bev="0" fileid="8" />
            </Method>
          </Methods>
        </Class>
        <Class>
          <Summary numSequencePoints="10" visitedSequencePoints="7" numBranchPoints="5" visitedBranchPoints="0" sequenceCoverage="70" branchCoverage="0" maxCyclomaticComplexity="2" minCyclomaticComplexity="1" visitedClasses="1" numClasses="1" visitedMethods="2" numMethods="3" minCrapScore="1" maxCrapScore="1" />
          <FullName>Serilog.Sinks.Graylog.Core.Transport.Http.HttpTransport</FullName>
          <Methods>
            <Method visited="true" cyclomaticComplexity="1" nPathComplexity="0" sequenceCoverage="100" branchCoverage="0" isConstructor="true" isStatic="false" isGetter="false" isSetter="false" crapScore="1">
              <Summary numSequencePoints="4" visitedSequencePoints="4" numBranchPoints="1" visitedBranchPoints="0" sequenceCoverage="100" branchCoverage="0" maxCyclomaticComplexity="1" minCyclomaticComplexity="1" visitedClasses="0" numClasses="0" visitedMethods="1" numMethods="1" minCrapScore="1" maxCrapScore="1" />
              <MetadataToken>100663363</MetadataToken>
              <Name>System.Void Serilog.Sinks.Graylog.Core.Transport.Http.HttpTransport::.ctor(Serilog.Sinks.Graylog.Core.Transport.ITransportClient`1&lt;System.String&gt;)</Name>
              <FileRef uid="9" />
              <SequencePoints>
                <SequencePoint vc="4" uspid="113" ordinal="0" offset="0" sl="10" sc="9" el="10" ec="71" bec="0" bev="0" fileid="9" />
                <SequencePoint vc="4" uspid="112" ordinal="1" offset="7" sl="11" sc="9" el="11" ec="10" bec="0" bev="0" fileid="9" />
                <SequencePoint vc="4" uspid="111" ordinal="2" offset="8" sl="12" sc="13" el="12" ec="48" bec="0" bev="0" fileid="9" />
                <SequencePoint vc="4" uspid="110" ordinal="3" offset="15" sl="13" sc="9" el="13" ec="10" bec="0" bev="0" fileid="9" />
              </SequencePoints>
              <BranchPoints />
              <MethodPoint xsi:type="SequencePoint" vc="4" uspid="113" ordinal="0" offset="0" sl="10" sc="9" el="10" ec="71" bec="0" bev="0" fileid="9" />
            </Method>
            <Method visited="true" cyclomaticComplexity="1" nPathComplexity="0" sequenceCoverage="100" branchCoverage="0" isConstructor="false" isStatic="false" isGetter="false" isSetter="false" crapScore="1">
              <Summary numSequencePoints="3" visitedSequencePoints="3" numBranchPoints="1" visitedBranchPoints="0" sequenceCoverage="100" branchCoverage="0" maxCyclomaticComplexity="1" minCyclomaticComplexity="1" visitedClasses="0" numClasses="0" visitedMethods="1" numMethods="1" minCrapScore="1" maxCrapScore="1" />
              <MetadataToken>100663364</MetadataToken>
              <Name>System.Threading.Tasks.Task Serilog.Sinks.Graylog.Core.Transport.Http.HttpTransport::Send(System.String)</Name>
              <FileRef uid="9" />
              <SequencePoints>
                <SequencePoint vc="4" uspid="116" ordinal="0" offset="0" sl="16" sc="9" el="16" ec="10" bec="0" bev="0" fileid="9" />
                <SequencePoint vc="4" uspid="115" ordinal="1" offset="1" sl="17" sc="13" el="17" ec="51" bec="0" bev="0" fileid="9" />
                <SequencePoint vc="4" uspid="114" ordinal="2" offset="16" sl="18" sc="9" el="18" ec="10" bec="0" bev="0" fileid="9" />
              </SequencePoints>
              <BranchPoints />
              <MethodPoint xsi:type="SequencePoint" vc="4" uspid="116" ordinal="0" offset="0" sl="16" sc="9" el="16" ec="10" bec="0" bev="0" fileid="9" />
            </Method>
            <Method visited="false" cyclomaticComplexity="2" nPathComplexity="2" sequenceCoverage="0" branchCoverage="0" isConstructor="false" isStatic="false" isGetter="false" isSetter="false" crapScore="0">
              <Summary numSequencePoints="3" visitedSequencePoints="0" numBranchPoints="3" visitedBranchPoints="0" sequenceCoverage="0" branchCoverage="0" maxCyclomaticComplexity="2" minCyclomaticComplexity="2" visitedClasses="0" numClasses="0" visitedMethods="0" numMethods="1" minCrapScore="0" maxCrapScore="0" />
              <MetadataToken>100663365</MetadataToken>
              <Name>System.Void Serilog.Sinks.Graylog.Core.Transport.Http.HttpTransport::Dispose()</Name>
              <FileRef uid="9" />
              <SequencePoints>
                <SequencePoint vc="0" uspid="119" ordinal="0" offset="0" sl="21" sc="9" el="21" ec="10" bec="0" bev="0" fileid="9" />
                <SequencePoint vc="0" uspid="118" ordinal="1" offset="1" sl="22" sc="13" el="22" ec="41" bec="2" bev="0" fileid="9" />
                <SequencePoint vc="0" uspid="117" ordinal="2" offset="19" sl="23" sc="9" el="23" ec="10" bec="0" bev="0" fileid="9" />
              </SequencePoints>
              <BranchPoints>
                <BranchPoint vc="0" uspid="14" ordinal="0" offset="8" sl="22" path="0" offsetchain="10" offsetend="19" fileid="9" />
                <BranchPoint vc="0" uspid="15" ordinal="1" offset="8" sl="22" path="1" offsetend="13" fileid="9" />
              </BranchPoints>
              <MethodPoint xsi:type="SequencePoint" vc="0" uspid="119" ordinal="0" offset="0" sl="21" sc="9" el="21" ec="10" bec="0" bev="0" fileid="9" />
            </Method>
          </Methods>
        </Class>
        <Class>
          <Summary numSequencePoints="10" visitedSequencePoints="7" numBranchPoints="4" visitedBranchPoints="0" sequenceCoverage="70" branchCoverage="0" maxCyclomaticComplexity="2" minCyclomaticComplexity="1" visitedClasses="1" numClasses="1" visitedMethods="1" numMethods="2" minCrapScore="1" maxCrapScore="1" />
          <FullName>Serilog.Sinks.Graylog.Core.Transport.Http.HttpTransportClient</FullName>
          <Methods>
            <Method visited="true" cyclomaticComplexity="1" nPathComplexity="0" sequenceCoverage="100" branchCoverage="0" isConstructor="true" isStatic="false" isGetter="false" isSetter="false" crapScore="1">
              <Summary numSequencePoints="7" visitedSequencePoints="7" numBranchPoints="1" visitedBranchPoints="0" sequenceCoverage="100" branchCoverage="0" maxCyclomaticComplexity="1" minCyclomaticComplexity="1" visitedClasses="0" numClasses="0" visitedMethods="1" numMethods="1" minCrapScore="1" maxCrapScore="1" />
              <MetadataToken>100663366</MetadataToken>
              <Name>System.Void Serilog.Sinks.Graylog.Core.Transport.Http.HttpTransportClient::.ctor(System.String)</Name>
              <FileRef uid="10" />
              <SequencePoints>
                <SequencePoint vc="4" uspid="126" ordinal="0" offset="0" sl="14" sc="9" el="14" ec="54" bec="0" bev="0" fileid="10" />
                <SequencePoint vc="4" uspid="125" ordinal="1" offset="7" sl="15" sc="9" el="15" ec="10" bec="0" bev="0" fileid="10" />
                <SequencePoint vc="4" uspid="124" ordinal="2" offset="8" sl="16" sc="13" el="16" ec="38" bec="0" bev="0" fileid="10" />
                <SequencePoint vc="4" uspid="123" ordinal="3" offset="15" sl="17" sc="13" el="17" ec="44" bec="0" bev="0" fileid="10" />
                <SequencePoint vc="4" uspid="122" ordinal="4" offset="26" sl="18" sc="13" el="18" ec="70" bec="0" bev="0" fileid="10" />
                <SequencePoint vc="4" uspid="121" ordinal="5" offset="49" sl="19" sc="13" el="19" ec="109" bec="0" bev="0" fileid="10" />
                <SequencePoint vc="4" uspid="120" ordinal="6" offset="79" sl="20" sc="9" el="20" ec="10" bec="0" bev="0" fileid="10" />
              </SequencePoints>
              <BranchPoints />
              <MethodPoint xsi:type="SequencePoint" vc="4" uspid="126" ordinal="0" offset="0" sl="14" sc="9" el="14" ec="54" bec="0" bev="0" fileid="10" />
            </Method>
            <Method visited="false" cyclomaticComplexity="1" nPathComplexity="0" sequenceCoverage="0" branchCoverage="0" isConstructor="false" isStatic="false" isGetter="false" isSetter="false" crapScore="0">
              <Summary numSequencePoints="0" visitedSequencePoints="0" numBranchPoints="0" visitedBranchPoints="0" sequenceCoverage="0" branchCoverage="0" maxCyclomaticComplexity="1" minCyclomaticComplexity="1" visitedClasses="0" numClasses="0" visitedMethods="0" numMethods="0" minCrapScore="0" maxCrapScore="0" />
              <MetadataToken>100663367</MetadataToken>
              <Name>System.Threading.Tasks.Task Serilog.Sinks.Graylog.Core.Transport.Http.HttpTransportClient::Send(System.String)</Name>
              <SequencePoints />
              <BranchPoints />
              <MethodPoint vc="4" uspid="100663367" ordinal="0" offset="0" />
            </Method>
            <Method visited="false" cyclomaticComplexity="2" nPathComplexity="2" sequenceCoverage="0" branchCoverage="0" isConstructor="false" isStatic="false" isGetter="false" isSetter="false" crapScore="0">
              <Summary numSequencePoints="3" visitedSequencePoints="0" numBranchPoints="3" visitedBranchPoints="0" sequenceCoverage="0" branchCoverage="0" maxCyclomaticComplexity="2" minCyclomaticComplexity="2" visitedClasses="0" numClasses="0" visitedMethods="0" numMethods="1" minCrapScore="0" maxCrapScore="0" />
              <MetadataToken>100663368</MetadataToken>
              <Name>System.Void Serilog.Sinks.Graylog.Core.Transport.Http.HttpTransportClient::Dispose()</Name>
              <FileRef uid="10" />
              <SequencePoints>
                <SequencePoint vc="0" uspid="129" ordinal="0" offset="0" sl="36" sc="9" el="36" ec="10" bec="0" bev="0" fileid="10" />
                <SequencePoint vc="0" uspid="128" ordinal="1" offset="1" sl="37" sc="13" el="37" ec="36" bec="2" bev="0" fileid="10" />
                <SequencePoint vc="0" uspid="127" ordinal="2" offset="19" sl="38" sc="9" el="38" ec="10" bec="0" bev="0" fileid="10" />
              </SequencePoints>
              <BranchPoints>
                <BranchPoint vc="0" uspid="16" ordinal="0" offset="8" sl="37" path="0" offsetchain="10" offsetend="19" fileid="10" />
                <BranchPoint vc="0" uspid="17" ordinal="1" offset="8" sl="37" path="1" offsetend="13" fileid="10" />
              </BranchPoints>
              <MethodPoint xsi:type="SequencePoint" vc="0" uspid="129" ordinal="0" offset="0" sl="36" sc="9" el="36" ec="10" bec="0" bev="0" fileid="10" />
            </Method>
          </Methods>
        </Class>
        <Class>
          <Summary numSequencePoints="8" visitedSequencePoints="6" numBranchPoints="3" visitedBranchPoints="2" sequenceCoverage="75" branchCoverage="66.67" maxCyclomaticComplexity="4" minCyclomaticComplexity="1" visitedClasses="1" numClasses="1" visitedMethods="1" numMethods="1" minCrapScore="4.25" maxCrapScore="4.25" />
          <FullName>Serilog.Sinks.Graylog.Core.Transport.Http.HttpTransportClient/&lt;Send&gt;d__3</FullName>
          <Methods>
            <Method visited="true" cyclomaticComplexity="4" nPathComplexity="2" sequenceCoverage="75" branchCoverage="66.67" isConstructor="false" isStatic="false" isGetter="false" isSetter="false" crapScore="4.25">
              <Summary numSequencePoints="8" visitedSequencePoints="6" numBranchPoints="3" visitedBranchPoints="2" sequenceCoverage="75" branchCoverage="66.67" maxCyclomaticComplexity="4" minCyclomaticComplexity="4" visitedClasses="0" numClasses="0" visitedMethods="1" numMethods="1" minCrapScore="4.25" maxCrapScore="4.25" />
              <MetadataToken>100663401</MetadataToken>
              <Name>System.Void Serilog.Sinks.Graylog.Core.Transport.Http.HttpTransportClient/&lt;Send&gt;d__3::MoveNext()</Name>
              <FileRef uid="10" />
              <SequencePoints>
                <SequencePoint vc="4" uspid="137" ordinal="0" offset="17" sl="23" sc="9" el="23" ec="10" bec="0" bev="0" fileid="10" />
                <SequencePoint vc="4" uspid="136" ordinal="1" offset="18" sl="24" sc="13" el="24" ec="101" bec="0" bev="0" fileid="10" />
                <SequencePoint vc="4" uspid="135" ordinal="2" offset="45" sl="25" sc="13" el="25" ec="44" bec="0" bev="0" fileid="10" />
                <SequencePoint vc="4" uspid="134" ordinal="3" offset="67" sl="27" sc="13" el="27" ec="106" bec="0" bev="0" fileid="10" />
                <SequencePoint vc="3" uspid="133" ordinal="4" offset="218" sl="29" sc="13" el="29" ec="45" bec="2" bev="1" fileid="10" />
                <SequencePoint vc="0" uspid="132" ordinal="5" offset="238" sl="30" sc="13" el="30" ec="14" bec="0" bev="0" fileid="10" />
                <SequencePoint vc="0" uspid="131" ordinal="6" offset="239" sl="31" sc="17" el="31" ec="107" bec="0" bev="0" fileid="10" />
                <SequencePoint vc="3" uspid="130" ordinal="7" offset="278" sl="33" sc="9" el="33" ec="10" bec="0" bev="0" fileid="10" />
              </SequencePoints>
              <BranchPoints>
                <BranchPoint vc="0" uspid="18" ordinal="0" offset="236" sl="29" path="0" offsetend="238" fileid="10" />
                <BranchPoint vc="3" uspid="19" ordinal="1" offset="236" sl="29" path="1" offsetend="250" fileid="10" />
              </BranchPoints>
              <MethodPoint xsi:type="SequencePoint" vc="4" uspid="137" ordinal="0" offset="17" sl="23" sc="9" el="23" ec="10" bec="0" bev="0" fileid="10" />
            </Method>
            <Method visited="false" cyclomaticComplexity="1" nPathComplexity="0" sequenceCoverage="0" branchCoverage="0" isConstructor="false" isStatic="false" isGetter="false" isSetter="false" crapScore="0">
              <Summary numSequencePoints="0" visitedSequencePoints="0" numBranchPoints="0" visitedBranchPoints="0" sequenceCoverage="0" branchCoverage="0" maxCyclomaticComplexity="1" minCyclomaticComplexity="1" visitedClasses="0" numClasses="0" visitedMethods="0" numMethods="0" minCrapScore="0" maxCrapScore="0" />
              <MetadataToken>100663402</MetadataToken>
              <Name>System.Void Serilog.Sinks.Graylog.Core.Transport.Http.HttpTransportClient/&lt;Send&gt;d__3::SetStateMachine(System.Runtime.CompilerServices.IAsyncStateMachine)</Name>
              <SequencePoints />
              <BranchPoints />
              <MethodPoint vc="0" uspid="100663402" ordinal="0" offset="0" />
            </Method>
          </Methods>
        </Class>
        <Class>
          <Summary numSequencePoints="35" visitedSequencePoints="35" numBranchPoints="9" visitedBranchPoints="5" sequenceCoverage="100" branchCoverage="55.56" maxCyclomaticComplexity="5" minCyclomaticComplexity="1" visitedClasses="1" numClasses="1" visitedMethods="3" numMethods="3" minCrapScore="1" maxCrapScore="5" />
          <FullName>Serilog.Sinks.Graylog.Core.MessageBuilders.ExceptionMessageBuilder</FullName>
          <Methods>
            <Method visited="true" cyclomaticComplexity="1" nPathComplexity="0" sequenceCoverage="100" branchCoverage="0" isConstructor="true" isStatic="false" isGetter="false" isSetter="false" crapScore="1">
              <Summary numSequencePoints="3" visitedSequencePoints="3" numBranchPoints="1" visitedBranchPoints="0" sequenceCoverage="100" branchCoverage="0" maxCyclomaticComplexity="1" minCyclomaticComplexity="1" visitedClasses="0" numClasses="0" visitedMethods="1" numMethods="1" minCrapScore="1" maxCrapScore="1" />
              <MetadataToken>100663369</MetadataToken>
              <Name>System.Void Serilog.Sinks.Graylog.Core.MessageBuilders.ExceptionMessageBuilder::.ctor(System.String,Serilog.Sinks.Graylog.Core.GraylogSinkOptionsBase)</Name>
              <FileRef uid="11" />
              <SequencePoints>
                <SequencePoint vc="2" uspid="140" ordinal="0" offset="0" sl="22" sc="91" el="22" ec="114" bec="0" bev="0" fileid="11" />
                <SequencePoint vc="2" uspid="139" ordinal="1" offset="9" sl="23" sc="9" el="23" ec="10" bec="0" bev="0" fileid="11" />
                <SequencePoint vc="2" uspid="138" ordinal="2" offset="10" sl="24" sc="9" el="24" ec="10" bec="0" bev="0" fileid="11" />
              </SequencePoints>
              <BranchPoints />
              <MethodPoint xsi:type="SequencePoint" vc="2" uspid="140" ordinal="0" offset="0" sl="22" sc="91" el="22" ec="114" bec="0" bev="0" fileid="11" />
            </Method>
            <Method visited="true" cyclomaticComplexity="1" nPathComplexity="0" sequenceCoverage="100" branchCoverage="0" isConstructor="false" isStatic="false" isGetter="false" isSetter="false" crapScore="1">
              <Summary numSequencePoints="9" visitedSequencePoints="9" numBranchPoints="1" visitedBranchPoints="0" sequenceCoverage="100" branchCoverage="0" maxCyclomaticComplexity="1" minCyclomaticComplexity="1" visitedClasses="0" numClasses="0" visitedMethods="1" numMethods="1" minCrapScore="1" maxCrapScore="1" />
              <MetadataToken>100663370</MetadataToken>
              <Name>Newtonsoft.Json.Linq.JObject Serilog.Sinks.Graylog.Core.MessageBuilders.ExceptionMessageBuilder::Build(Serilog.Events.LogEvent)</Name>
              <FileRef uid="11" />
              <SequencePoints>
                <SequencePoint vc="2" uspid="149" ordinal="0" offset="0" sl="27" sc="9" el="27" ec="10" bec="0" bev="0" fileid="11" />
                <SequencePoint vc="2" uspid="148" ordinal="1" offset="1" sl="28" sc="13" el="28" ec="94" bec="0" bev="0" fileid="11" />
                <SequencePoint vc="2" uspid="147" ordinal="2" offset="14" sl="29" sc="13" el="29" ec="60" bec="0" bev="0" fileid="11" />
                <SequencePoint vc="2" uspid="146" ordinal="3" offset="21" sl="30" sc="13" el="30" ec="55" bec="0" bev="0" fileid="11" />
                <SequencePoint vc="2" uspid="145" ordinal="4" offset="28" sl="32" sc="13" el="32" ec="127" bec="0" bev="0" fileid="11" />
                <SequencePoint vc="2" uspid="144" ordinal="5" offset="61" sl="33" sc="13" el="33" ec="118" bec="0" bev="0" fileid="11" />
                <SequencePoint vc="2" uspid="143" ordinal="6" offset="84" sl="34" sc="13" el="34" ec="107" bec="0" bev="0" fileid="11" />
                <SequencePoint vc="2" uspid="142" ordinal="7" offset="107" sl="36" sc="13" el="36" ec="41" bec="0" bev="0" fileid="11" />
                <SequencePoint vc="2" uspid="141" ordinal="8" offset="117" sl="37" sc="9" el="37" ec="10" bec="0" bev="0" fileid="11" />
              </SequencePoints>
              <BranchPoints />
              <MethodPoint xsi:type="SequencePoint" vc="2" uspid="149" ordinal="0" offset="0" sl="27" sc="9" el="27" ec="10" bec="0" bev="0" fileid="11" />
            </Method>
            <Method visited="true" cyclomaticComplexity="5" nPathComplexity="8" sequenceCoverage="100" branchCoverage="71.43" isConstructor="false" isStatic="false" isGetter="false" isSetter="false" crapScore="5">
              <Summary numSequencePoints="23" visitedSequencePoints="23" numBranchPoints="7" visitedBranchPoints="5" sequenceCoverage="100" branchCoverage="71.43" maxCyclomaticComplexity="5" minCyclomaticComplexity="5" visitedClasses="0" numClasses="0" visitedMethods="1" numMethods="1" minCrapScore="5" maxCrapScore="5" />
              <MetadataToken>100663371</MetadataToken>
              <Name>System.Tuple`2&lt;System.String,System.String&gt; Serilog.Sinks.Graylog.Core.MessageBuilders.ExceptionMessageBuilder::GetExceptionMessages(System.Exception)</Name>
              <FileRef uid="11" />
              <SequencePoints>
                <SequencePoint vc="2" uspid="172" ordinal="0" offset="0" sl="44" sc="9" el="44" ec="10" bec="0" bev="0" fileid="11" />
                <SequencePoint vc="2" uspid="171" ordinal="1" offset="1" sl="45" sc="13" el="45" ec="51" bec="0" bev="0" fileid="11" />
                <SequencePoint vc="2" uspid="170" ordinal="2" offset="7" sl="46" sc="13" el="46" ec="47" bec="0" bev="0" fileid="11" />
                <SequencePoint vc="2" uspid="169" ordinal="3" offset="13" sl="47" sc="13" el="47" ec="44" bec="0" bev="0" fileid="11" />
                <SequencePoint vc="2" uspid="168" ordinal="4" offset="15" sl="48" sc="13" el="48" ec="39" bec="0" bev="0" fileid="11" />
                <SequencePoint vc="2" uspid="167" ordinal="5" offset="17" sl="50" sc="13" el="50" ec="29" bec="0" bev="0" fileid="11" />
                <SequencePoint vc="4" uspid="166" ordinal="6" offset="20" sl="52" sc="13" el="52" ec="14" bec="0" bev="0" fileid="11" />
                <SequencePoint vc="4" uspid="165" ordinal="7" offset="21" sl="53" sc="17" el="53" ec="88" bec="0" bev="0" fileid="11" />
                <SequencePoint vc="4" uspid="164" ordinal="8" offset="44" sl="54" sc="17" el="54" ec="56" bec="2" bev="1" fileid="11" />
                <SequencePoint vc="4" uspid="163" ordinal="9" offset="59" sl="55" sc="17" el="55" ec="18" bec="0" bev="0" fileid="11" />
                <SequencePoint vc="4" uspid="162" ordinal="10" offset="60" sl="56" sc="21" el="56" ec="100" bec="0" bev="0" fileid="11" />
                <SequencePoint vc="4" uspid="161" ordinal="11" offset="83" sl="57" sc="17" el="57" ec="18" bec="0" bev="0" fileid="11" />
                <SequencePoint vc="4" uspid="160" ordinal="12" offset="84" sl="58" sc="17" el="58" ec="66" bec="0" bev="0" fileid="11" />
                <SequencePoint vc="4" uspid="159" ordinal="13" offset="91" sl="59" sc="17" el="59" ec="27" bec="0" bev="0" fileid="11" />
                <SequencePoint vc="4" uspid="158" ordinal="14" offset="97" sl="60" sc="13" el="60" ec="14" bec="0" bev="0" fileid="11" />
                <SequencePoint vc="4" uspid="157" ordinal="15" offset="98" sl="61" sc="13" el="61" ec="82" bec="2" bev="2" fileid="11" />
                <SequencePoint vc="2" uspid="156" ordinal="16" offset="125" sl="63" sc="13" el="63" ec="129" bec="0" bev="0" fileid="11" />
                <SequencePoint vc="2" uspid="155" ordinal="17" offset="161" sl="65" sc="13" el="65" ec="36" bec="2" bev="1" fileid="11" />
                <SequencePoint vc="2" uspid="154" ordinal="18" offset="176" sl="66" sc="13" el="66" ec="14" bec="0" bev="0" fileid="11" />
                <SequencePoint vc="2" uspid="153" ordinal="19" offset="177" sl="67" sc="17" el="67" ec="119" bec="0" bev="0" fileid="11" />
                <SequencePoint vc="2" uspid="152" ordinal="20" offset="214" sl="68" sc="13" el="68" ec="14" bec="0" bev="0" fileid="11" />
                <SequencePoint vc="2" uspid="151" ordinal="21" offset="215" sl="70" sc="13" el="70" ec="76" bec="0" bev="0" fileid="11" />
                <SequencePoint vc="2" uspid="150" ordinal="22" offset="227" sl="71" sc="9" el="71" ec="10" bec="0" bev="0" fileid="11" />
              </SequencePoints>
              <BranchPoints>
                <BranchPoint vc="4" uspid="20" ordinal="0" offset="57" sl="54" path="0" offsetend="59" fileid="11" />
                <BranchPoint vc="0" uspid="21" ordinal="1" offset="57" sl="54" path="1" offsetend="84" fileid="11" />
                <BranchPoint vc="2" uspid="22" ordinal="2" offset="123" sl="61" path="0" offsetend="125" fileid="11" />
                <BranchPoint vc="2" uspid="23" ordinal="3" offset="123" sl="61" path="1" offsetend="20" fileid="11" />
                <BranchPoint vc="2" uspid="24" ordinal="4" offset="174" sl="65" path="0" offsetend="176" fileid="11" />
                <BranchPoint vc="0" uspid="25" ordinal="5" offset="174" sl="65" path="1" offsetend="215" fileid="11" />
              </BranchPoints>
              <MethodPoint xsi:type="SequencePoint" vc="2" uspid="172" ordinal="0" offset="0" sl="44" sc="9" el="44" ec="10" bec="0" bev="0" fileid="11" />
            </Method>
          </Methods>
        </Class>
        <Class>
          <Summary numSequencePoints="66" visitedSequencePoints="64" numBranchPoints="29" visitedBranchPoints="22" sequenceCoverage="96.97" branchCoverage="75.86" maxCyclomaticComplexity="12" minCyclomaticComplexity="1" visitedClasses="1" numClasses="1" visitedMethods="5" numMethods="5" minCrapScore="1" maxCrapScore="156" />
          <FullName>Serilog.Sinks.Graylog.Core.MessageBuilders.GelfMessageBuilder</FullName>
          <Methods>
            <Method visited="true" cyclomaticComplexity="1" nPathComplexity="0" sequenceCoverage="100" branchCoverage="0" isConstructor="true" isStatic="false" isGetter="false" isSetter="false" crapScore="1">
              <Summary numSequencePoints="5" visitedSequencePoints="5" numBranchPoints="1" visitedBranchPoints="0" sequenceCoverage="100" branchCoverage="0" maxCyclomaticComplexity="1" minCyclomaticComplexity="1" visitedClasses="0" numClasses="0" visitedMethods="1" numMethods="1" minCrapScore="1" maxCrapScore="1" />
              <MetadataToken>100663373</MetadataToken>
              <Name>System.Void Serilog.Sinks.Graylog.Core.MessageBuilders.GelfMessageBuilder::.ctor(System.String,Serilog.Sinks.Graylog.Core.GraylogSinkOptionsBase)</Name>
              <FileRef uid="12" />
              <SequencePoints>
                <SequencePoint vc="10" uspid="177" ordinal="0" offset="0" sl="27" sc="9" el="27" ec="83" bec="0" bev="0" fileid="12" />
                <SequencePoint vc="10" uspid="176" ordinal="1" offset="7" sl="28" sc="9" el="28" ec="10" bec="0" bev="0" fileid="12" />
                <SequencePoint vc="10" uspid="175" ordinal="2" offset="8" sl="29" sc="13" el="29" ec="34" bec="0" bev="0" fileid="12" />
                <SequencePoint vc="10" uspid="174" ordinal="3" offset="15" sl="30" sc="13" el="30" ec="31" bec="0" bev="0" fileid="12" />
                <SequencePoint vc="10" uspid="173" ordinal="4" offset="22" sl="31" sc="9" el="31" ec="10" bec="0" bev="0" fileid="12" />
              </SequencePoints>
              <BranchPoints />
              <MethodPoint xsi:type="SequencePoint" vc="10" uspid="177" ordinal="0" offset="0" sl="27" sc="9" el="27" ec="83" bec="0" bev="0" fileid="12" />
            </Method>
            <Method visited="true" cyclomaticComplexity="4" nPathComplexity="4" sequenceCoverage="100" branchCoverage="100" isConstructor="false" isStatic="false" isGetter="false" isSetter="false" crapScore="4">
              <Summary numSequencePoints="18" visitedSequencePoints="18" numBranchPoints="5" visitedBranchPoints="5" sequenceCoverage="100" branchCoverage="100" maxCyclomaticComplexity="4" minCyclomaticComplexity="4" visitedClasses="0" numClasses="0" visitedMethods="1" numMethods="1" minCrapScore="4" maxCrapScore="4" />
              <MetadataToken>100663374</MetadataToken>
              <Name>Newtonsoft.Json.Linq.JObject Serilog.Sinks.Graylog.Core.MessageBuilders.GelfMessageBuilder::Build(Serilog.Events.LogEvent)</Name>
              <FileRef uid="12" />
              <SequencePoints>
                <SequencePoint vc="19" uspid="195" ordinal="0" offset="0" sl="39" sc="9" el="39" ec="10" bec="0" bev="0" fileid="12" />
                <SequencePoint vc="19" uspid="194" ordinal="1" offset="1" sl="40" sc="13" el="40" ec="55" bec="0" bev="0" fileid="12" />
                <SequencePoint vc="19" uspid="193" ordinal="2" offset="9" sl="41" sc="13" el="41" ec="83" bec="0" bev="0" fileid="12" />
                <SequencePoint vc="19" uspid="192" ordinal="3" offset="27" sl="43" sc="13" el="52" ec="15" bec="0" bev="0" fileid="12" />
                <SequencePoint vc="19" uspid="191" ordinal="4" offset="148" sl="54" sc="13" el="54" ec="64" bec="2" bev="2" fileid="12" />
                <SequencePoint vc="16" uspid="190" ordinal="5" offset="173" sl="55" sc="13" el="55" ec="14" bec="0" bev="0" fileid="12" />
                <SequencePoint vc="16" uspid="189" ordinal="6" offset="174" sl="56" sc="17" el="56" ec="51" bec="0" bev="0" fileid="12" />
                <SequencePoint vc="16" uspid="188" ordinal="7" offset="182" sl="57" sc="13" el="57" ec="14" bec="0" bev="0" fileid="12" />
                <SequencePoint vc="19" uspid="187" ordinal="8" offset="183" sl="59" sc="13" el="59" ec="66" bec="0" bev="0" fileid="12" />
                <SequencePoint vc="19" uspid="186" ordinal="9" offset="190" sl="60" sc="13" el="60" ec="20" bec="0" bev="0" fileid="12" />
                <SequencePoint vc="19" uspid="185" ordinal="10" offset="191" sl="60" sc="78" el="60" ec="97" bec="0" bev="0" fileid="12" />
                <SequencePoint vc="25" uspid="184" ordinal="11" offset="206" sl="60" sc="22" el="60" ec="74" bec="0" bev="0" fileid="12" />
                <SequencePoint vc="25" uspid="183" ordinal="12" offset="215" sl="61" sc="13" el="61" ec="14" bec="0" bev="0" fileid="12" />
                <SequencePoint vc="25" uspid="182" ordinal="13" offset="216" sl="62" sc="17" el="62" ec="58" bec="0" bev="0" fileid="12" />
                <SequencePoint vc="25" uspid="181" ordinal="14" offset="231" sl="63" sc="13" el="63" ec="14" bec="0" bev="0" fileid="12" />
                <SequencePoint vc="44" uspid="180" ordinal="15" offset="232" sl="60" sc="75" el="60" ec="77" bec="2" bev="2" fileid="12" />
                <SequencePoint vc="19" uspid="179" ordinal="16" offset="256" sl="65" sc="13" el="65" ec="31" bec="0" bev="0" fileid="12" />
[...]
              <BranchPoints />
              <MethodPoint vc="0" uspid="100663347" ordinal="0" offset="0" />
            </Method>
          </Methods>
        </Class>
        <Class>
          <Summary numSequencePoints="12" visitedSequencePoints="12" numBranchPoints="2" visitedBranchPoints="0" sequenceCoverage="100" branchCoverage="0" maxCyclomaticComplexity="1" minCyclomaticComplexity="1" visitedClasses="1" numClasses="1" visitedMethods="2" numMethods="2" minCrapScore="1" maxCrapScore="1" />
          <FullName>Serilog.Sinks.Graylog.Tests.LoggerConfigurationGrayLogExtensionsFixture</FullName>
          <Methods>
            <Method visited="true" cyclomaticComplexity="1" nPathComplexity="0" sequenceCoverage="100" branchCoverage="0" isConstructor="false" isStatic="false" isGetter="false" isSetter="false" crapScore="1">
              <Summary numSequencePoints="6" visitedSequencePoints="6" numBranchPoints="1" visitedBranchPoints="0" sequenceCoverage="100" branchCoverage="0" maxCyclomaticComplexity="1" minCyclomaticComplexity="1" visitedClasses="0" numClasses="0" visitedMethods="1" numMethods="1" minCrapScore="1" maxCrapScore="1" />
              <MetadataToken>100663348</MetadataToken>
              <Name>System.Void Serilog.Sinks.Graylog.Tests.LoggerConfigurationGrayLogExtensionsFixture::CanApplyExtension()</Name>
              <FileRef uid="25" />
              <SequencePoints>
                <SequencePoint vc="1" uspid="162" ordinal="0" offset="0" sl="13" sc="9" el="13" ec="10" bec="0" bev="0" fileid="25" />
                <SequencePoint vc="1" uspid="161" ordinal="1" offset="1" sl="14" sc="13" el="14" ec="58" bec="0" bev="0" fileid="25" />
                <SequencePoint vc="1" uspid="160" ordinal="2" offset="7" sl="16" sc="13" el="22" ec="16" bec="0" bev="0" fileid="25" />
                <SequencePoint vc="1" uspid="159" ordinal="3" offset="68" sl="24" sc="13" el="24" ec="54" bec="0" bev="0" fileid="25" />
                <SequencePoint vc="1" uspid="158" ordinal="4" offset="75" sl="25" sc="13" el="25" ec="41" bec="0" bev="0" fileid="25" />
                <SequencePoint vc="1" uspid="157" ordinal="5" offset="97" sl="26" sc="9" el="26" ec="10" bec="0" bev="0" fileid="25" />
              </SequencePoints>
              <BranchPoints />
              <MethodPoint xsi:type="SequencePoint" vc="1" uspid="162" ordinal="0" offset="0" sl="13" sc="9" el="13" ec="10" bec="0" bev="0" fileid="25" />
            </Method>
            <Method visited="true" cyclomaticComplexity="1" nPathComplexity="0" sequenceCoverage="100" branchCoverage="0" isConstructor="false" isStatic="false" isGetter="false" isSetter="false" crapScore="1">
              <Summary numSequencePoints="6" visitedSequencePoints="6" numBranchPoints="1" visitedBranchPoints="0" sequenceCoverage="100" branchCoverage="0" maxCyclomaticComplexity="1" minCyclomaticComplexity="1" visitedClasses="0" numClasses="0" visitedMethods="1" numMethods="1" minCrapScore="1" maxCrapScore="1" />
              <MetadataToken>100663349</MetadataToken>
              <Name>System.Void Serilog.Sinks.Graylog.Tests.LoggerConfigurationGrayLogExtensionsFixture::CanApplyExtensionWithIntegralParameterTypes()</Name>
              <FileRef uid="25" />
              <SequencePoints>
                <SequencePoint vc="1" uspid="168" ordinal="0" offset="0" sl="30" sc="9" el="30" ec="10" bec="0" bev="0" fileid="25" />
                <SequencePoint vc="1" uspid="167" ordinal="1" offset="1" sl="31" sc="13" el="31" ec="58" bec="0" bev="0" fileid="25" />
                <SequencePoint vc="1" uspid="166" ordinal="2" offset="7" sl="33" sc="13" el="34" ec="44" bec="0" bev="0" fileid="25" />
                <SequencePoint vc="1" uspid="165" ordinal="3" offset="44" sl="36" sc="13" el="36" ec="54" bec="0" bev="0" fileid="25" />
                <SequencePoint vc="1" uspid="164" ordinal="4" offset="51" sl="37" sc="13" el="37" ec="41" bec="0" bev="0" fileid="25" />
                <SequencePoint vc="1" uspid="163" ordinal="5" offset="73" sl="38" sc="9" el="38" ec="10" bec="0" bev="0" fileid="25" />
              </SequencePoints>
              <BranchPoints />
              <MethodPoint xsi:type="SequencePoint" vc="1" uspid="168" ordinal="0" offset="0" sl="30" sc="9" el="30" ec="10" bec="0" bev="0" fileid="25" />
            </Method>
            <Method visited="false" cyclomaticComplexity="1" nPathComplexity="0" sequenceCoverage="0" branchCoverage="0" isConstructor="true" isStatic="false" isGetter="false" isSetter="false" crapScore="0">
              <Summary numSequencePoints="0" visitedSequencePoints="0" numBranchPoints="0" visitedBranchPoints="0" sequenceCoverage="0" branchCoverage="0" maxCyclomaticComplexity="1" minCyclomaticComplexity="1" visitedClasses="0" numClasses="0" visitedMethods="0" numMethods="0" minCrapScore="0" maxCrapScore="0" />
              <MetadataToken>100663350</MetadataToken>
              <Name>System.Void Serilog.Sinks.Graylog.Tests.LoggerConfigurationGrayLogExtensionsFixture::.ctor()</Name>
              <SequencePoints />
              <BranchPoints />
              <MethodPoint vc="2" uspid="100663350" ordinal="0" offset="0" />
            </Method>
          </Methods>
        </Class>
        <Class>
          <Summary numSequencePoints="0" visitedSequencePoints="0" numBranchPoints="0" visitedBranchPoints="0" sequenceCoverage="0" branchCoverage="0" maxCyclomaticComplexity="0" minCyclomaticComplexity="0" visitedClasses="0" numClasses="0" visitedMethods="0" numMethods="0" minCrapScore="0" maxCrapScore="0" />
          <FullName>Serilog.Sinks.Graylog.Tests.ComplexIntegrationTest.Profile</FullName>
          <Methods>
            <Method visited="false" cyclomaticComplexity="1" nPathComplexity="0" sequenceCoverage="0" branchCoverage="0" isConstructor="true" isStatic="false" isGetter="false" isSetter="false" crapScore="0">
              <Summary numSequencePoints="0" visitedSequencePoints="0" numBranchPoints="0" visitedBranchPoints="0" sequenceCoverage="0" branchCoverage="0" maxCyclomaticComplexity="1" minCyclomaticComplexity="1" visitedClasses="0" numClasses="0" visitedMethods="0" numMethods="0" minCrapScore="0" maxCrapScore="0" />
              <MetadataToken>100663385</MetadataToken>
              <Name>System.Void Serilog.Sinks.Graylog.Tests.ComplexIntegrationTest.Profile::.ctor()</Name>
              <SequencePoints />
              <BranchPoints />
              <MethodPoint vc="22" uspid="100663385" ordinal="0" offset="0" />
            </Method>
          </Methods>
        </Class>
        <Class>
          <Summary numSequencePoints="0" visitedSequencePoints="0" numBranchPoints="0" visitedBranchPoints="0" sequenceCoverage="0" branchCoverage="0" maxCyclomaticComplexity="0" minCyclomaticComplexity="0" visitedClasses="0" numClasses="0" visitedMethods="0" numMethods="0" minCrapScore="0" maxCrapScore="0" />
          <FullName>Serilog.Sinks.Graylog.Tests.ComplexIntegrationTest.LocalizedString</FullName>
          <Methods>
            <Method visited="false" cyclomaticComplexity="1" nPathComplexity="0" sequenceCoverage="0" branchCoverage="0" isConstructor="true" isStatic="false" isGetter="false" isSetter="false" crapScore="0">
              <Summary numSequencePoints="0" visitedSequencePoints="0" numBranchPoints="0" visitedBranchPoints="0" sequenceCoverage="0" branchCoverage="0" maxCyclomaticComplexity="1" minCyclomaticComplexity="1" visitedClasses="0" numClasses="0" visitedMethods="0" numMethods="0" minCrapScore="0" maxCrapScore="0" />
              <MetadataToken>100663390</MetadataToken>
              <Name>System.Void Serilog.Sinks.Graylog.Tests.ComplexIntegrationTest.LocalizedString::.ctor()</Name>
              <SequencePoints />
              <BranchPoints />
              <MethodPoint vc="264" uspid="100663390" ordinal="0" offset="0" />
            </Method>
          </Methods>
        </Class>
        <Class>
          <Summary numSequencePoints="0" visitedSequencePoints="0" numBranchPoints="0" visitedBranchPoints="0" sequenceCoverage="0" branchCoverage="0" maxCyclomaticComplexity="0" minCyclomaticComplexity="0" visitedClasses="0" numClasses="0" visitedMethods="0" numMethods="0" minCrapScore="0" maxCrapScore="0" />
          <FullName>Serilog.Sinks.Graylog.Tests.ComplexIntegrationTest.Document</FullName>
          <Methods>
            <Method visited="false" cyclomaticComplexity="1" nPathComplexity="0" sequenceCoverage="0" branchCoverage="0" isConstructor="true" isStatic="false" isGetter="false" isSetter="false" crapScore="0">
              <Summary numSequencePoints="0" visitedSequencePoints="0" numBranchPoints="0" visitedBranchPoints="0" sequenceCoverage="0" branchCoverage="0" maxCyclomaticComplexity="1" minCyclomaticComplexity="1" visitedClasses="0" numClasses="0" visitedMethods="0" numMethods="0" minCrapScore="0" maxCrapScore="0" />
              <MetadataToken>100663409</MetadataToken>
              <Name>System.Void Serilog.Sinks.Graylog.Tests.ComplexIntegrationTest.Document::.ctor()</Name>
              <SequencePoints />
              <BranchPoints />
              <MethodPoint vc="66" uspid="100663409" ordinal="0" offset="0" />
            </Method>
          </Methods>
        </Class>
        <Class>
          <Summary numSequencePoints="0" visitedSequencePoints="0" numBranchPoints="0" visitedBranchPoints="0" sequenceCoverage="0" branchCoverage="0" maxCyclomaticComplexity="0" minCyclomaticComplexity="0" visitedClasses="0" numClasses="0" visitedMethods="0" numMethods="0" minCrapScore="0" maxCrapScore="0" />
          <FullName>Serilog.Sinks.Graylog.Tests.ComplexIntegrationTest.Contacts</FullName>
          <Methods>
            <Method visited="false" cyclomaticComplexity="1" nPathComplexity="0" sequenceCoverage="0" branchCoverage="0" isConstructor="true" isStatic="false" isGetter="false" isSetter="false" crapScore="0">
              <Summary numSequencePoints="0" visitedSequencePoints="0" numBranchPoints="0" visitedBranchPoints="0" sequenceCoverage="0" branchCoverage="0" maxCyclomaticComplexity="1" minCyclomaticComplexity="1" visitedClasses="0" numClasses="0" visitedMethods="0" numMethods="0" minCrapScore="0" maxCrapScore="0" />
              <MetadataToken>100663414</MetadataToken>
              <Name>System.Void Serilog.Sinks.Graylog.Tests.ComplexIntegrationTest.Contacts::.ctor()</Name>
              <SequencePoints />
              <BranchPoints />
              <MethodPoint vc="22" uspid="100663414" ordinal="0" offset="0" />
            </Method>
          </Methods>
        </Class>
        <Class>
          <Summary numSequencePoints="0" visitedSequencePoints="0" numBranchPoints="0" visitedBranchPoints="0" sequenceCoverage="0" branchCoverage="0" maxCyclomaticComplexity="0" minCyclomaticComplexity="0" visitedClasses="0" numClasses="0" visitedMethods="0" numMethods="0" minCrapScore="0" maxCrapScore="0" />
          <FullName>Serilog.Sinks.Graylog.Tests.ComplexIntegrationTest.EmailAddress</FullName>
          <Methods>
            <Method visited="false" cyclomaticComplexity="1" nPathComplexity="0" sequenceCoverage="0" branchCoverage="0" isConstructor="true" isStatic="false" isGetter="false" isSetter="false" crapScore="0">
              <Summary numSequencePoints="0" visitedSequencePoints="0" numBranchPoints="0" visitedBranchPoints="0" sequenceCoverage="0" branchCoverage="0" maxCyclomaticComplexity="1" minCyclomaticComplexity="1" visitedClasses="0" numClasses="0" visitedMethods="0" numMethods="0" minCrapScore="0" maxCrapScore="0" />
              <MetadataToken>100663419</MetadataToken>
              <Name>System.Void Serilog.Sinks.Graylog.Tests.ComplexIntegrationTest.EmailAddress::.ctor()</Name>
              <SequencePoints />
              <BranchPoints />
              <MethodPoint vc="66" uspid="100663419" ordinal="0" offset="0" />
            </Method>
          </Methods>
        </Class>
        <Class>
          <Summary numSequencePoints="0" visitedSequencePoints="0" numBranchPoints="0" visitedBranchPoints="0" sequenceCoverage="0" branchCoverage="0" maxCyclomaticComplexity="0" minCyclomaticComplexity="0" visitedClasses="0" numClasses="0" visitedMethods="0" numMethods="0" minCrapScore="0" maxCrapScore="0" />
          <FullName>Serilog.Sinks.Graylog.Tests.ComplexIntegrationTest.PhoneNumberContact</FullName>
          <Methods>
            <Method visited="false" cyclomaticComplexity="1" nPathComplexity="0" sequenceCoverage="0" branchCoverage="0" isConstructor="true" isStatic="false" isGetter="false" isSetter="false" crapScore="0">
              <Summary numSequencePoints="0" visitedSequencePoints="0" numBranchPoints="0" visitedBranchPoints="0" sequenceCoverage="0" branchCoverage="0" maxCyclomaticComplexity="1" minCyclomaticComplexity="1" visitedClasses="0" numClasses="0" visitedMethods="0" numMethods="0" minCrapScore="0" maxCrapScore="0" />
              <MetadataToken>100663430</MetadataToken>
              <Name>System.Void Serilog.Sinks.Graylog.Tests.ComplexIntegrationTest.PhoneNumberContact::.ctor()</Name>
              <SequencePoints />
              <BranchPoints />
              <MethodPoint vc="66" uspid="100663430" ordinal="0" offset="0" />
            </Method>
          </Methods>
        </Class>
        <Class>
          <Summary numSequencePoints="0" visitedSequencePoints="0" numBranchPoints="0" visitedBranchPoints="0" sequenceCoverage="0" branchCoverage="0" maxCyclomaticComplexity="0" minCyclomaticComplexity="0" visitedClasses="0" numClasses="0" visitedMethods="0" numMethods="0" minCrapScore="0" maxCrapScore="0" />
          <FullName>Serilog.Sinks.Graylog.Tests.ComplexIntegrationTest.Location</FullName>
          <Methods>
            <Method visited="false" cyclomaticComplexity="1" nPathComplexity="0" sequenceCoverage="0" branchCoverage="0" isConstructor="true" isStatic="false" isGetter="false" isSetter="false" crapScore="0">
              <Summary numSequencePoints="0" visitedSequencePoints="0" numBranchPoints="0" visitedBranchPoints="0" sequenceCoverage="0" branchCoverage="0" maxCyclomaticComplexity="1" minCyclomaticComplexity="1" visitedClasses="0" numClasses="0" visitedMethods="0" numMethods="0" minCrapScore="0" maxCrapScore="0" />
              <MetadataToken>100663439</MetadataToken>
              <Name>System.Void Serilog.Sinks.Graylog.Tests.ComplexIntegrationTest.Location::.ctor()</Name>
              <SequencePoints />
              <BranchPoints />
              <MethodPoint vc="88" uspid="100663439" ordinal="0" offset="0" />
            </Method>
          </Methods>
        </Class>
        <Class>
          <Summary numSequencePoints="0" visitedSequencePoints="0" numBranchPoints="0" visitedBranchPoints="0" sequenceCoverage="0" branchCoverage="0" maxCyclomaticComplexity="0" minCyclomaticComplexity="0" visitedClasses="0" numClasses="0" visitedMethods="0" numMethods="0" minCrapScore="0" maxCrapScore="0" />
          <FullName>Serilog.Sinks.Graylog.Tests.ComplexIntegrationTest.Company</FullName>
          <Methods>
            <Method visited="false" cyclomaticComplexity="1" nPathComplexity="0" sequenceCoverage="0" branchCoverage="0" isConstructor="true" isStatic="false" isGetter="false" isSetter="false" crapScore="0">
              <Summary numSequencePoints="0" visitedSequencePoints="0" numBranchPoints="0" visitedBranchPoints="0" sequenceCoverage="0" branchCoverage="0" maxCyclomaticComplexity="1" minCyclomaticComplexity="1" visitedClasses="0" numClasses="0" visitedMethods="0" numMethods="0" minCrapScore="0" maxCrapScore="0" />
              <MetadataToken>100663444</MetadataToken>
              <Name>System.Void Serilog.Sinks.Graylog.Tests.ComplexIntegrationTest.Company::.ctor()</Name>
              <SequencePoints />
              <BranchPoints />
              <MethodPoint vc="22" uspid="100663444" ordinal="0" offset="0" />
            </Method>
          </Methods>
        </Class>
        <Class>
          <Summary numSequencePoints="0" visitedSequencePoints="0" numBranchPoints="0" visitedBranchPoints="0" sequenceCoverage="0" branchCoverage="0" maxCyclomaticComplexity="0" minCyclomaticComplexity="0" visitedClasses="0" numClasses="0" visitedMethods="0" numMethods="0" minCrapScore="0" maxCrapScore="0" />
          <FullName>Serilog.Sinks.Graylog.Tests.ComplexIntegrationTest.Preference</FullName>
          <Methods>
            <Method visited="false" cyclomaticComplexity="1" nPathComplexity="0" sequenceCoverage="0" branchCoverage="0" isConstructor="true" isStatic="false" isGetter="false" isSetter="false" crapScore="0">
              <Summary numSequencePoints="0" visitedSequencePoints="0" numBranchPoints="0" visitedBranchPoints="0" sequenceCoverage="0" branchCoverage="0" maxCyclomaticComplexity="1" minCyclomaticComplexity="1" visitedClasses="0" numClasses="0" visitedMethods="0" numMethods="0" minCrapScore="0" maxCrapScore="0" />
              <MetadataToken>100663453</MetadataToken>
              <Name>System.Void Serilog.Sinks.Graylog.Tests.ComplexIntegrationTest.Preference::.ctor()</Name>
              <SequencePoints />
              <BranchPoints />
              <MethodPoint vc="22" uspid="100663453" ordinal="0" offset="0" />
            </Method>
          </Methods>
        </Class>
        <Class>
          <Summary numSequencePoints="0" visitedSequencePoints="0" numBranchPoints="0" visitedBranchPoints="0" sequenceCoverage="0" branchCoverage="0" maxCyclomaticComplexity="0" minCyclomaticComplexity="0" visitedClasses="0" numClasses="0" visitedMethods="0" numMethods="0" minCrapScore="0" maxCrapScore="0" />
          <FullName>Serilog.Sinks.Graylog.Tests.ComplexIntegrationTest.PreferenceInformation</FullName>
          <Methods>
            <Method visited="false" cyclomaticComplexity="1" nPathComplexity="0" sequenceCoverage="0" branchCoverage="0" isConstructor="true" isStatic="false" isGetter="false" isSetter="false" crapScore="0">
              <Summary numSequencePoints="0" visitedSequencePoints="0" numBranchPoints="0" visitedBranchPoints="0" sequenceCoverage="0" branchCoverage="0" maxCyclomaticComplexity="1" minCyclomaticComplexity="1" visitedClasses="0" numClasses="0" visitedMethods="0" numMethods="0" minCrapScore="0" maxCrapScore="0" />
              <MetadataToken>100663460</MetadataToken>
              <Name>System.Void Serilog.Sinks.Graylog.Tests.ComplexIntegrationTest.PreferenceInformation::.ctor()</Name>
              <SequencePoints />
              <BranchPoints />
              <MethodPoint vc="66" uspid="100663460" ordinal="0" offset="0" />
            </Method>
          </Methods>
        </Class>
        <Class>
          <Summary numSequencePoints="0" visitedSequencePoints="0" numBranchPoints="0" visitedBranchPoints="0" sequenceCoverage="0" branchCoverage="0" maxCyclomaticComplexity="0" minCyclomaticComplexity="0" visitedClasses="0" numClasses="0" visitedMethods="0" numMethods="0" minCrapScore="0" maxCrapScore="0" />
          <FullName>Serilog.Sinks.Graylog.Tests.ComplexIntegrationTest.AdditionalInfo</FullName>
          <Methods>
            <Method visited="false" cyclomaticComplexity="1" nPathComplexity="0" sequenceCoverage="0" branchCoverage="0" isConstructor="true" isStatic="false" isGetter="false" isSetter="false" crapScore="0">
              <Summary numSequencePoints="0" visitedSequencePoints="0" numBranchPoints="0" visitedBranchPoints="0" sequenceCoverage="0" branchCoverage="0" maxCyclomaticComplexity="1" minCyclomaticComplexity="1" visitedClasses="0" numClasses="0" visitedMethods="0" numMethods="0" minCrapScore="0" maxCrapScore="0" />
              <MetadataToken>100663469</MetadataToken>
              <Name>System.Void Serilog.Sinks.Graylog.Tests.ComplexIntegrationTest.AdditionalInfo::.ctor()</Name>
              <SequencePoints />
              <BranchPoints />
              <MethodPoint vc="66" uspid="100663469" ordinal="0" offset="0" />
            </Method>
          </Methods>
        </Class>
      </Classes>
    </Module>
  </Modules>
</CoverageSession>